#
# There is insufficient memory for the Java Runtime Environment to continue.
# Native memory allocation (mmap) failed to map 37224448 bytes for committing reserved memory.
# Possible reasons:
#   The system is out of physical RAM or swap space
#   In 32 bit mode, the process size limit was hit
# Possible solutions:
#   Reduce memory load on the system
#   Increase physical memory or swap space
#   Check if swap backing store is full
#   Use 64 bit Java on a 64 bit OS
#   Decrease Java heap size (-Xmx/-Xms)
#   Decrease number of Java threads
#   Decrease Java thread stack sizes (-Xss)
#   Set larger code cache with -XX:ReservedCodeCacheSize=
# This output file may be truncated or incomplete.
#
#  Out of Memory Error (os_linux.cpp:2627), pid=6152, tid=140040293312256
#
# JRE version: Java(TM) SE Runtime Environment (8.0_74-b02) (build 1.8.0_74-b02)
# Java VM: Java HotSpot(TM) 64-Bit Server VM (25.74-b02 mixed mode linux-amd64 compressed oops)
# Failed to write core dump. Core dumps have been disabled. To enable core dumping, try "ulimit -c unlimited" before starting Java again
#

---------------  T H R E A D  ---------------

Current thread (0x00007f5dcc078000):  VMThread [stack: 0x00007f5dabdfe000,0x00007f5dabeff000] [id=6162]

Stack: [0x00007f5dabdfe000,0x00007f5dabeff000],  sp=0x00007f5dabefd120,  free space=1020k
Native frames: (J=compiled Java code, j=interpreted, Vv=VM code, C=native code)
V  [libjvm.so+0xaba7ea]  VMError::report_and_die()+0x2ba
V  [libjvm.so+0x4f9e3b]  report_vm_out_of_memory(char const*, int, unsigned long, VMErrorType, char const*)+0x8b
V  [libjvm.so+0x91b613]  os::Linux::commit_memory_impl(char*, unsigned long, bool)+0x103
V  [libjvm.so+0x91bb69]  os::pd_commit_memory(char*, unsigned long, unsigned long, bool)+0x29
V  [libjvm.so+0x915e6a]  os::commit_memory(char*, unsigned long, unsigned long, bool)+0x2a
V  [libjvm.so+0x989543]  PSVirtualSpace::expand_by(unsigned long)+0x53
V  [libjvm.so+0x98a948]  PSYoungGen::resize_generation(unsigned long, unsigned long)+0xf8
V  [libjvm.so+0x989aa2]  PSYoungGen::resize(unsigned long, unsigned long)+0x22
V  [libjvm.so+0x986d7b]  PSScavenge::invoke_no_policy()+0xf3b
V  [libjvm.so+0x987501]  PSScavenge::invoke()+0x41
V  [libjvm.so+0x93f300]  ParallelScavengeHeap::failed_mem_allocate(unsigned long)+0x70
V  [libjvm.so+0xabc207]  VM_ParallelGCFailedAllocation::doit()+0x97
V  [libjvm.so+0xac3c35]  VM_Operation::evaluate()+0x55
V  [libjvm.so+0xac200a]  VMThread::evaluate_operation(VM_Operation*)+0xba
V  [libjvm.so+0xac238e]  VMThread::loop()+0x1ce
V  [libjvm.so+0xac2800]  VMThread::run()+0x70
V  [libjvm.so+0x91d9d8]  java_start(Thread*)+0x108

VM_Operation (0x00007f5dab2f0e30): ParallelGCFailedAllocation, mode: safepoint, requested by thread 0x00007f5dcc14f000


---------------  P R O C E S S  ---------------

Java Threads: ( => current thread )
  0x00007f5dcc151000 JavaThread "pool-1-thread-4" [_thread_blocked, id=6176, stack(0x00007f5dab0f1000,0x00007f5dab1f2000)]
  0x00007f5dcc14f000 JavaThread "pool-1-thread-3" [_thread_blocked, id=6175, stack(0x00007f5dab1f2000,0x00007f5dab2f3000)]
  0x00007f5dcc14d800 JavaThread "pool-1-thread-2" [_thread_blocked, id=6174, stack(0x00007f5dab2f3000,0x00007f5dab3f4000)]
  0x00007f5dcc140800 JavaThread "pool-2-thread-1" [_thread_blocked, id=6173, stack(0x00007f5dab3f4000,0x00007f5dab4f5000)]
  0x00007f5dcc13e800 JavaThread "pool-1-thread-1" [_thread_blocked, id=6172, stack(0x00007f5dab4f5000,0x00007f5dab5f6000)]
  0x00007f5dcc0c1000 JavaThread "Service Thread" daemon [_thread_blocked, id=6170, stack(0x00007f5dab6f7000,0x00007f5dab7f8000)]
  0x00007f5dcc0bc000 JavaThread "C1 CompilerThread2" daemon [_thread_blocked, id=6169, stack(0x00007f5dab7f8000,0x00007f5dab8f9000)]
  0x00007f5dcc0ba000 JavaThread "C2 CompilerThread1" daemon [_thread_blocked, id=6168, stack(0x00007f5dab8f9000,0x00007f5dab9fa000)]
  0x00007f5dcc0b7800 JavaThread "C2 CompilerThread0" daemon [_thread_blocked, id=6167, stack(0x00007f5dab9fa000,0x00007f5dabafb000)]
  0x00007f5dcc0b6000 JavaThread "Signal Dispatcher" daemon [_thread_blocked, id=6166, stack(0x00007f5dabafb000,0x00007f5dabbfc000)]
  0x00007f5dcc084000 JavaThread "Finalizer" daemon [_thread_blocked, id=6165, stack(0x00007f5dabbfc000,0x00007f5dabcfd000)]
  0x00007f5dcc07f800 JavaThread "Reference Handler" daemon [_thread_blocked, id=6163, stack(0x00007f5dabcfd000,0x00007f5dabdfe000)]
  0x00007f5dcc00a000 JavaThread "main" [_thread_blocked, id=6154, stack(0x00007f5dd2492000,0x00007f5dd2593000)]

Other Threads:
=>0x00007f5dcc078000 VMThread [stack: 0x00007f5dabdfe000,0x00007f5dabeff000] [id=6162]
  0x00007f5dcc0c4000 WatcherThread [stack: 0x00007f5dab5f6000,0x00007f5dab6f7000] [id=6171]

VM state:at safepoint (normal execution)

VM Mutex/Monitor currently owned by a thread:  ([mutex/lock_event])
[0x00007f5dcc006540] Threads_lock - owner thread: 0x00007f5dcc078000
[0x00007f5dcc006a40] Heap_lock - owner thread: 0x00007f5dcc14f000

Heap:
 PSYoungGen      total 227840K, used 45565K [0x00000000eab00000, 0x00000000fdc80000, 0x0000000100000000)
  eden space 182272K, 0% used [0x00000000eab00000,0x00000000eab00000,0x00000000f5d00000)
  from space 45568K, 99% used [0x00000000fb000000,0x00000000fdc7f538,0x00000000fdc80000)
  to   space 35328K, 0% used [0x00000000f5d00000,0x00000000f5d00000,0x00000000f7f80000)
 ParOldGen       total 153088K, used 152289K [0x00000000c0000000, 0x00000000c9580000, 0x00000000eab00000)
  object space 153088K, 99% used [0x00000000c0000000,0x00000000c94b87d0,0x00000000c9580000)
 Metaspace       used 6443K, capacity 7256K, committed 7424K, reserved 1056768K
  class space    used 614K, capacity 656K, committed 768K, reserved 1048576K

Card table byte_map: [0x00007f5dbbfee000,0x00007f5dbc1ef000] byte_map_base: 0x00007f5dbb9ee000

Marking Bits: (ParMarkBitMap*) 0x00007f5dd19a8260
 Begin Bits: [0x00007f5db9a94000, 0x00007f5dbaa94000)
 End Bits:   [0x00007f5dbaa94000, 0x00007f5dbba94000)

Polling page: 0x00007f5dd25c4000

CodeCache: size=245760Kb used=8363Kb max_used=8363Kb free=237396Kb
 bounds [0x00007f5dbc5af000, 0x00007f5dbcdef000, 0x00007f5dcb5af000]
 total_blobs=2333 nmethods=2065 adapters=182
 compilation: enabled

Compilation events (10 events):
Event: 43.092 Thread 0x00007f5dcc0bc000 2634 %     2       com.android.dx.ssa.SsaConverter::placePhiFunctions @ 131 (394 bytes)
Event: 43.126 Thread 0x00007f5dcc0bc000 nmethod 2634% 0x00007f5dbcdd4290 code [0x00007f5dbcdd4680, 0x00007f5dbcdd5f38]
Event: 43.140 Thread 0x00007f5dcc0bc000 2635       2       com.android.dx.ssa.SsaConverter::placePhiFunctions (394 bytes)
Event: 43.152 Thread 0x00007f5dcc0bc000 nmethod 2635 0x00007f5dbcdd8850 code [0x00007f5dbcdd8c20, 0x00007f5dbcdda198]
Event: 43.152 Thread 0x00007f5dcc0bc000 2636 %     3       com.android.dx.ssa.InterferenceRegisterMapper::addInterfence @ 10 (62 bytes)
Event: 43.171 Thread 0x00007f5dcc0bc000 nmethod 2636% 0x00007f5dbcddc850 code [0x00007f5dbcddcb20, 0x00007f5dbcdddec8]
Event: 43.207 Thread 0x00007f5dcc0bc000 2640       2       com.android.dx.ssa.back.RegisterAllocator::insertMoveBefore (240 bytes)
Event: 43.212 Thread 0x00007f5dcc0bc000 nmethod 2640 0x00007f5dbcddec10 code [0x00007f5dbcddef40, 0x00007f5dbcddff08]
Event: 43.212 Thread 0x00007f5dcc0bc000 2641       2       com.android.dx.ssa.SsaMethod::makeNewSsaReg (26 bytes)
Event: 43.212 Thread 0x00007f5dcc0bc000 nmethod 2641 0x00007f5dbcd9e710 code [0x00007f5dbcd9e860, 0x00007f5dbcd9e9f0]

GC Heap History (10 events):
Event: 11.531 GC heap after
Heap after GC invocations=6 (full 0):
 PSYoungGen      total 109056K, used 9888K [0x00000000eab00000, 0x00000000f2400000, 0x0000000100000000)
  eden space 95744K, 0% used [0x00000000eab00000,0x00000000eab00000,0x00000000f0880000)
  from space 13312K, 74% used [0x00000000f1600000,0x00000000f1fa8010,0x00000000f2300000)
  to   space 13824K, 0% used [0x00000000f0880000,0x00000000f0880000,0x00000000f1600000)
 ParOldGen       total 62976K, used 17304K [0x00000000c0000000, 0x00000000c3d80000, 0x00000000eab00000)
  object space 62976K, 27% used [0x00000000c0000000,0x00000000c10e62d0,0x00000000c3d80000)
 Metaspace       used 6002K, capacity 6936K, committed 7168K, reserved 1056768K
  class space    used 613K, capacity 656K, committed 768K, reserved 1048576K
}
Event: 15.106 GC heap before
{Heap before GC invocations=7 (full 0):
 PSYoungGen      total 109056K, used 105632K [0x00000000eab00000, 0x00000000f2400000, 0x0000000100000000)
  eden space 95744K, 100% used [0x00000000eab00000,0x00000000f0880000,0x00000000f0880000)
  from space 13312K, 74% used [0x00000000f1600000,0x00000000f1fa8010,0x00000000f2300000)
  to   space 13824K, 0% used [0x00000000f0880000,0x00000000f0880000,0x00000000f1600000)
 ParOldGen       total 62976K, used 17304K [0x00000000c0000000, 0x00000000c3d80000, 0x00000000eab00000)
  object space 62976K, 27% used [0x00000000c0000000,0x00000000c10e62d0,0x00000000c3d80000)
 Metaspace       used 6159K, capacity 7064K, committed 7424K, reserved 1056768K
  class space    used 613K, capacity 656K, committed 768K, reserved 1048576K
Event: 15.440 GC heap after
Heap after GC invocations=7 (full 0):
 PSYoungGen      total 109568K, used 13812K [0x00000000eab00000, 0x00000000f9900000, 0x0000000100000000)
  eden space 95744K, 0% used [0x00000000eab00000,0x00000000eab00000,0x00000000f0880000)
  from space 13824K, 99% used [0x00000000f0880000,0x00000000f15fd170,0x00000000f1600000)
  to   space 26112K, 0% used [0x00000000f7f80000,0x00000000f7f80000,0x00000000f9900000)
 ParOldGen       total 62976K, used 36575K [0x00000000c0000000, 0x00000000c3d80000, 0x00000000eab00000)
  object space 62976K, 58% used [0x00000000c0000000,0x00000000c23b7d80,0x00000000c3d80000)
 Metaspace       used 6159K, capacity 7064K, committed 7424K, reserved 1056768K
  class space    used 613K, capacity 656K, committed 768K, reserved 1048576K
}
Event: 24.108 GC heap before
{Heap before GC invocations=8 (full 0):
 PSYoungGen      total 109568K, used 109556K [0x00000000eab00000, 0x00000000f9900000, 0x0000000100000000)
  eden space 95744K, 100% used [0x00000000eab00000,0x00000000f0880000,0x00000000f0880000)
  from space 13824K, 99% used [0x00000000f0880000,0x00000000f15fd170,0x00000000f1600000)
  to   space 26112K, 0% used [0x00000000f7f80000,0x00000000f7f80000,0x00000000f9900000)
 ParOldGen       total 62976K, used 36575K [0x00000000c0000000, 0x00000000c3d80000, 0x00000000eab00000)
  object space 62976K, 58% used [0x00000000c0000000,0x00000000c23b7d80,0x00000000c3d80000)
 Metaspace       used 6392K, capacity 7192K, committed 7424K, reserved 1056768K
  class space    used 613K, capacity 656K, committed 768K, reserved 1048576K
Event: 24.758 GC heap after
Heap after GC invocations=8 (full 0):
 PSYoungGen      total 208384K, used 26092K [0x00000000eab00000, 0x00000000fab00000, 0x0000000100000000)
  eden space 182272K, 0% used [0x00000000eab00000,0x00000000eab00000,0x00000000f5d00000)
  from space 26112K, 99% used [0x00000000f7f80000,0x00000000f98fb130,0x00000000f9900000)
  to   space 35328K, 0% used [0x00000000f5d00000,0x00000000f5d00000,0x00000000f7f80000)
 ParOldGen       total 62976K, used 47075K [0x00000000c0000000, 0x00000000c3d80000, 0x00000000eab00000)
  object space 62976K, 74% used [0x00000000c0000000,0x00000000c2df8e30,0x00000000c3d80000)
 Metaspace       used 6392K, capacity 7192K, committed 7424K, reserved 1056768K
  class space    used 613K, capacity 656K, committed 768K, reserved 1048576K
}
Event: 24.758 GC heap before
{Heap before GC invocations=9 (full 1):
 PSYoungGen      total 208384K, used 26092K [0x00000000eab00000, 0x00000000fab00000, 0x0000000100000000)
  eden space 182272K, 0% used [0x00000000eab00000,0x00000000eab00000,0x00000000f5d00000)
  from space 26112K, 99% used [0x00000000f7f80000,0x00000000f98fb130,0x00000000f9900000)
  to   space 35328K, 0% used [0x00000000f5d00000,0x00000000f5d00000,0x00000000f7f80000)
 ParOldGen       total 62976K, used 47075K [0x00000000c0000000, 0x00000000c3d80000, 0x00000000eab00000)
  object space 62976K, 74% used [0x00000000c0000000,0x00000000c2df8e30,0x00000000c3d80000)
 Metaspace       used 6392K, capacity 7192K, committed 7424K, reserved 1056768K
  class space    used 613K, capacity 656K, committed 768K, reserved 1048576K
Event: 28.054 GC heap after
Heap after GC invocations=9 (full 1):
 PSYoungGen      total 208384K, used 0K [0x00000000eab00000, 0x00000000fab00000, 0x0000000100000000)
  eden space 182272K, 0% used [0x00000000eab00000,0x00000000eab00000,0x00000000f5d00000)
  from space 26112K, 0% used [0x00000000f7f80000,0x00000000f7f80000,0x00000000f9900000)
  to   space 35328K, 0% used [0x00000000f5d00000,0x00000000f5d00000,0x00000000f7f80000)
 ParOldGen       total 117760K, used 62697K [0x00000000c0000000, 0x00000000c7300000, 0x00000000eab00000)
  object space 117760K, 53% used [0x00000000c0000000,0x00000000c3d3a7a0,0x00000000c7300000)
 Metaspace       used 6392K, capacity 7192K, committed 7424K, reserved 1056768K
  class space    used 613K, capacity 656K, committed 768K, reserved 1048576K
}
Event: 41.917 GC heap before
{Heap before GC invocations=10 (full 1):
 PSYoungGen      total 208384K, used 182272K [0x00000000eab00000, 0x00000000fab00000, 0x0000000100000000)
  eden space 182272K, 100% used [0x00000000eab00000,0x00000000f5d00000,0x00000000f5d00000)
  from space 26112K, 0% used [0x00000000f7f80000,0x00000000f7f80000,0x00000000f9900000)
  to   space 35328K, 0% used [0x00000000f5d00000,0x00000000f5d00000,0x00000000f7f80000)
 ParOldGen       total 117760K, used 62697K [0x00000000c0000000, 0x00000000c7300000, 0x00000000eab00000)
  object space 117760K, 53% used [0x00000000c0000000,0x00000000c3d3a7a0,0x00000000c7300000)
 Metaspace       used 6434K, capacity 7256K, committed 7424K, reserved 1056768K
  class space    used 613K, capacity 656K, committed 768K, reserved 1048576K
Event: 42.145 GC heap after
Heap after GC invocations=10 (full 1):
 PSYoungGen      total 217600K, used 35315K [0x00000000eab00000, 0x00000000fdc80000, 0x0000000100000000)
  eden space 182272K, 0% used [0x00000000eab00000,0x00000000eab00000,0x00000000f5d00000)
  from space 35328K, 99% used [0x00000000f5d00000,0x00000000f7f7ce10,0x00000000f7f80000)
  to   space 45568K, 0% used [0x00000000fb000000,0x00000000fb000000,0x00000000fdc80000)
 ParOldGen       total 117760K, used 72408K [0x00000000c0000000, 0x00000000c7300000, 0x00000000eab00000)
  object space 117760K, 61% used [0x00000000c0000000,0x00000000c46b6110,0x00000000c7300000)
 Metaspace       used 6434K, capacity 7256K, committed 7424K, reserved 1056768K
  class space    used 613K, capacity 656K, committed 768K, reserved 1048576K
}
Event: 43.276 GC heap before
{Heap before GC invocations=11 (full 1):
 PSYoungGen      total 217600K, used 217587K [0x00000000eab00000, 0x00000000fdc80000, 0x0000000100000000)
  eden space 182272K, 100% used [0x00000000eab00000,0x00000000f5d00000,0x00000000f5d00000)
  from space 35328K, 99% used [0x00000000f5d00000,0x00000000f7f7ce10,0x00000000f7f80000)
  to   space 45568K, 0% used [0x00000000fb000000,0x00000000fb000000,0x00000000fdc80000)
 ParOldGen       total 117760K, used 72408K [0x00000000c0000000, 0x00000000c7300000, 0x00000000eab00000)
  object space 117760K, 61% used [0x00000000c0000000,0x00000000c46b6110,0x00000000c7300000)
 Metaspace       used 6443K, capacity 7256K, committed 7424K, reserved 1056768K
  class space    used 614K, capacity 656K, committed 768K, reserved 1048576K

Deoptimization events (10 events):
Event: 7.912 Thread 0x00007f5dcc13e800 Uncommon trap: reason=class_check action=maybe_recompile pc=0x00007f5dbc8724bc method=com.android.dx.ssa.NormalSsaInsn.accept(Lcom/android/dx/ssa/SsaInsn$Visitor;)V @ 9
Event: 8.522 Thread 0x00007f5dcc14d800 Uncommon trap: reason=bimorphic action=maybe_recompile pc=0x00007f5dbc7a0658 method=java.util.HashMap.getNode(ILjava/lang/Object;)Ljava/util/HashMap$Node; @ 126
Event: 8.575 Thread 0x00007f5dcc14f000 Uncommon trap: reason=bimorphic action=maybe_recompile pc=0x00007f5dbc7a0658 method=java.util.HashMap.getNode(ILjava/lang/Object;)Ljava/util/HashMap$Node; @ 126
Event: 9.854 Thread 0x00007f5dcc151000 Uncommon trap: reason=unstable_if action=reinterpret pc=0x00007f5dbc869cb8 method=java.util.HashMap.putVal(ILjava/lang/Object;Ljava/lang/Object;ZZ)Ljava/lang/Object; @ 162
Event: 9.877 Thread 0x00007f5dcc13e800 Uncommon trap: reason=unstable_if action=reinterpret pc=0x00007f5dbc7a0588 method=java.util.HashMap.getNode(ILjava/lang/Object;)Ljava/util/HashMap$Node; @ 129
Event: 9.891 Thread 0x00007f5dcc00a000 Uncommon trap: reason=bimorphic action=maybe_recompile pc=0x00007f5dbc7cfb20 method=java.util.HashMap.getNode(ILjava/lang/Object;)Ljava/util/HashMap$Node; @ 126
Event: 9.895 Thread 0x00007f5dcc00a000 Uncommon trap: reason=bimorphic action=maybe_recompile pc=0x00007f5dbc7cfb20 method=java.util.HashMap.getNode(ILjava/lang/Object;)Ljava/util/HashMap$Node; @ 126
Event: 12.514 Thread 0x00007f5dcc13e800 Uncommon trap: reason=unstable_if action=reinterpret pc=0x00007f5dbca11c74 method=java.util.HashMap.putVal(ILjava/lang/Object;Ljava/lang/Object;ZZ)Ljava/lang/Object; @ 109
Event: 18.876 Thread 0x00007f5dcc00a000 Uncommon trap: reason=unstable_if action=reinterpret pc=0x00007f5dbcb400e8 method=com.android.dx.ssa.SCCP.simulateStmt(Lcom/android/dx/ssa/SsaInsn;)V @ 59
Event: 23.329 Thread 0x00007f5dcc00a000 Uncommon trap: reason=unstable_if action=reinterpret pc=0x00007f5dbcc24bd8 method=com.android.dx.cf.code.ByteCatchList.typeNotFound(Lcom/android/dx/cf/code/ByteCatchList$Item;[Lcom/android/dx/cf/code/ByteCatchList$Item;I)Z @ 34

Internal exceptions (5 events):
Event: 0.475 Thread 0x00007f5dcc00a000 Exception <a 'java/lang/NoSuchMethodError': Method sun.misc.Unsafe.defineClass(Ljava/lang/String;[BII)Ljava/lang/Class; name or signature does not match> (0x00000000eab07cc0) thrown at [/HUDSON3/workspace/8-2-build-linux-amd64/jdk8u74/6087/hotspot/src/sha
Event: 0.475 Thread 0x00007f5dcc00a000 Exception <a 'java/lang/NoSuchMethodError': Method sun.misc.Unsafe.prefetchRead(Ljava/lang/Object;J)V name or signature does not match> (0x00000000eab07fa8) thrown at [/HUDSON3/workspace/8-2-build-linux-amd64/jdk8u74/6087/hotspot/src/share/vm/prims/jni.cp
Event: 9.865 Thread 0x00007f5dcc151000 Exception <a 'java/lang/ArrayIndexOutOfBoundsException': 18> (0x00000000eccbe780) thrown at [/HUDSON3/workspace/8-2-build-linux-amd64/jdk8u74/6087/hotspot/src/share/vm/interpreter/interpreterRuntime.cpp, line 366]
Event: 9.865 Thread 0x00007f5dcc151000 Exception <a 'java/lang/ArrayIndexOutOfBoundsException': 145> (0x00000000eccc0300) thrown at [/HUDSON3/workspace/8-2-build-linux-amd64/jdk8u74/6087/hotspot/src/share/vm/interpreter/interpreterRuntime.cpp, line 366]
Event: 9.875 Thread 0x00007f5dcc151000 Exception <a 'java/lang/ArrayIndexOutOfBoundsException': 40> (0x00000000eccc15e8) thrown at [/HUDSON3/workspace/8-2-build-linux-amd64/jdk8u74/6087/hotspot/src/share/vm/interpreter/interpreterRuntime.cpp, line 366]

Events (10 events):
Event: 43.203 Thread 0x00007f5dcc14d800 DEOPT UNPACKING pc=0x00007f5dbc5f6233 sp=0x00007f5dab3f1aa8 mode 0
Event: 43.213 Thread 0x00007f5dcc00a000 DEOPT PACKING pc=0x00007f5dbc8b095f sp=0x00007f5dd25906f0
Event: 43.213 Thread 0x00007f5dcc00a000 DEOPT UNPACKING pc=0x00007f5dbc5f6233 sp=0x00007f5dd25904d8 mode 0
Event: 43.236 Thread 0x00007f5dcc13e800 DEOPT PACKING pc=0x00007f5dbc83712d sp=0x00007f5dab5f3d60
Event: 43.236 Thread 0x00007f5dcc13e800 DEOPT UNPACKING pc=0x00007f5dbc5f6233 sp=0x00007f5dab5f3ae8 mode 0
Event: 43.238 Thread 0x00007f5dcc13e800 DEOPT PACKING pc=0x00007f5dbc83712d sp=0x00007f5dab5f3d60
Event: 43.238 Thread 0x00007f5dcc13e800 DEOPT UNPACKING pc=0x00007f5dbc5f6233 sp=0x00007f5dab5f3ae8 mode 0
Event: 43.239 Thread 0x00007f5dcc13e800 DEOPT PACKING pc=0x00007f5dbc83712d sp=0x00007f5dab5f3d60
Event: 43.239 Thread 0x00007f5dcc13e800 DEOPT UNPACKING pc=0x00007f5dbc5f6233 sp=0x00007f5dab5f3ae8 mode 0
Event: 43.263 Executing VM operation: ParallelGCFailedAllocation


Dynamic libraries:
00200000-00401000 r-xp 00000000 08:04 2228272                            /opt/oracle-jdk-bin-1.8.0.74/bin/java
00600000-00601000 rw-p 00200000 08:04 2228272                            /opt/oracle-jdk-bin-1.8.0.74/bin/java
01b9c000-01bbd000 rw-p 00000000 00:00 0                                  [heap]
c0000000-c9580000 rw-p 00000000 00:00 0 
c9580000-eab00000 ---p 00000000 00:00 0 
eab00000-fdc80000 rw-p 00000000 00:00 0 
100000000-1000c0000 rw-p 00000000 00:00 0 
1000c0000-140000000 ---p 00000000 00:00 0 
7f5d68000000-7f5d680ae000 rw-p 00000000 00:00 0 
7f5d680ae000-7f5d6c000000 ---p 00000000 00:00 0 
7f5d70000000-7f5d70113000 rw-p 00000000 00:00 0 
7f5d70113000-7f5d74000000 ---p 00000000 00:00 0 
7f5d74000000-7f5d7415a000 rw-p 00000000 00:00 0 
7f5d7415a000-7f5d78000000 ---p 00000000 00:00 0 
7f5d78000000-7f5d78113000 rw-p 00000000 00:00 0 
7f5d78113000-7f5d7c000000 ---p 00000000 00:00 0 
7f5d7c000000-7f5d7c021000 rw-p 00000000 00:00 0 
7f5d7c021000-7f5d80000000 ---p 00000000 00:00 0 
7f5d80000000-7f5d80021000 rw-p 00000000 00:00 0 
7f5d80021000-7f5d84000000 ---p 00000000 00:00 0 
7f5d84000000-7f5d84021000 rw-p 00000000 00:00 0 
7f5d84021000-7f5d88000000 ---p 00000000 00:00 0 
7f5d88000000-7f5d88c51000 rw-p 00000000 00:00 0 
7f5d88c51000-7f5d8c000000 ---p 00000000 00:00 0 
7f5d8c000000-7f5d8c95b000 rw-p 00000000 00:00 0 
7f5d8c95b000-7f5d90000000 ---p 00000000 00:00 0 
7f5d90000000-7f5d90021000 rw-p 00000000 00:00 0 
7f5d90021000-7f5d94000000 ---p 00000000 00:00 0 
7f5d94000000-7f5d9548c000 rw-p 00000000 00:00 0 
7f5d9548c000-7f5d98000000 ---p 00000000 00:00 0 
7f5d98000000-7f5d98021000 rw-p 00000000 00:00 0 
7f5d98021000-7f5d9c000000 ---p 00000000 00:00 0 
7f5d9c000000-7f5d9c021000 rw-p 00000000 00:00 0 
7f5d9c021000-7f5da0000000 ---p 00000000 00:00 0 
7f5da0000000-7f5da028c000 rw-p 00000000 00:00 0 
7f5da028c000-7f5da4000000 ---p 00000000 00:00 0 
7f5da4000000-7f5da4021000 rw-p 00000000 00:00 0 
7f5da4021000-7f5da8000000 ---p 00000000 00:00 0 
7f5dab0f1000-7f5dab0f4000 ---p 00000000 00:00 0 
7f5dab0f4000-7f5dab1f2000 rw-p 00000000 00:00 0                          [stack:6176]
7f5dab1f2000-7f5dab1f5000 ---p 00000000 00:00 0 
7f5dab1f5000-7f5dab2f3000 rw-p 00000000 00:00 0                          [stack:6175]
7f5dab2f3000-7f5dab2f6000 ---p 00000000 00:00 0 
7f5dab2f6000-7f5dab3f4000 rw-p 00000000 00:00 0                          [stack:6174]
7f5dab3f4000-7f5dab3f7000 ---p 00000000 00:00 0 
7f5dab3f7000-7f5dab4f5000 rw-p 00000000 00:00 0                          [stack:6173]
7f5dab4f5000-7f5dab4f8000 ---p 00000000 00:00 0 
7f5dab4f8000-7f5dab5f6000 rw-p 00000000 00:00 0                          [stack:6172]
7f5dab5f6000-7f5dab5f7000 ---p 00000000 00:00 0 
7f5dab5f7000-7f5dab6f7000 rw-p 00000000 00:00 0                          [stack:6171]
7f5dab6f7000-7f5dab6fa000 ---p 00000000 00:00 0 
7f5dab6fa000-7f5dab7f8000 rw-p 00000000 00:00 0                          [stack:6170]
7f5dab7f8000-7f5dab7fb000 ---p 00000000 00:00 0 
7f5dab7fb000-7f5dab8f9000 rw-p 00000000 00:00 0                          [stack:6169]
7f5dab8f9000-7f5dab8fc000 ---p 00000000 00:00 0 
7f5dab8fc000-7f5dab9fa000 rw-p 00000000 00:00 0                          [stack:6168]
7f5dab9fa000-7f5dab9fd000 ---p 00000000 00:00 0 
7f5dab9fd000-7f5dabafb000 rw-p 00000000 00:00 0                          [stack:6167]
7f5dabafb000-7f5dabafe000 ---p 00000000 00:00 0 
7f5dabafe000-7f5dabbfc000 rw-p 00000000 00:00 0                          [stack:6166]
7f5dabbfc000-7f5dabbff000 ---p 00000000 00:00 0 
7f5dabbff000-7f5dabcfd000 rw-p 00000000 00:00 0                          [stack:6165]
7f5dabcfd000-7f5dabd00000 ---p 00000000 00:00 0 
7f5dabd00000-7f5dabdfe000 rw-p 00000000 00:00 0                          [stack:6163]
7f5dabdfe000-7f5dabdff000 ---p 00000000 00:00 0 
7f5dabdff000-7f5dac000000 rw-p 00000000 00:00 0                          [stack:6162]
7f5dac000000-7f5dac021000 rw-p 00000000 00:00 0 
7f5dac021000-7f5db0000000 ---p 00000000 00:00 0 
7f5db0000000-7f5db0021000 rw-p 00000000 00:00 0 
7f5db0021000-7f5db4000000 ---p 00000000 00:00 0 
7f5db4000000-7f5db4021000 rw-p 00000000 00:00 0 
7f5db4021000-7f5db8000000 ---p 00000000 00:00 0 
7f5db801d000-7f5db8ebc000 rw-p 00000000 00:00 0 
7f5db8ebc000-7f5db9094000 r--s 03d1d000 08:04 2228363                    /opt/oracle-jdk-bin-1.8.0.74/jre/lib/rt.jar
7f5db9094000-7f5db9714000 rw-p 00000000 00:00 0 
7f5db9714000-7f5db9894000 ---p 00000000 00:00 0 
7f5db9894000-7f5dbba94000 rw-p 00000000 00:00 0 
7f5dbba94000-7f5dbba95000 ---p 00000000 00:00 0 
7f5dbba95000-7f5dbbb95000 rw-p 00000000 00:00 0                          [stack:6161]
7f5dbbb95000-7f5dbbb96000 ---p 00000000 00:00 0 
7f5dbbb96000-7f5dbbc96000 rw-p 00000000 00:00 0                          [stack:6160]
7f5dbbc96000-7f5dbbc97000 ---p 00000000 00:00 0 
7f5dbbc97000-7f5dbbd97000 rw-p 00000000 00:00 0                          [stack:6159]
7f5dbbd97000-7f5dbbd98000 ---p 00000000 00:00 0 
7f5dbbd98000-7f5dbbee3000 rw-p 00000000 00:00 0                          [stack:6158]
7f5dbbee3000-7f5dbbfee000 ---p 00000000 00:00 0 
7f5dbbfee000-7f5dbc039000 rw-p 00000000 00:00 0 
7f5dbc039000-7f5dbc143000 ---p 00000000 00:00 0 
7f5dbc143000-7f5dbc1dd000 rw-p 00000000 00:00 0 
7f5dbc1dd000-7f5dbc1ee000 ---p 00000000 00:00 0 
7f5dbc1ee000-7f5dbc210000 rw-p 00000000 00:00 0 
7f5dbc210000-7f5dbc5af000 ---p 00000000 00:00 0 
7f5dbc5af000-7f5dbcdef000 rwxp 00000000 00:00 0 
7f5dbcdef000-7f5dcb5af000 ---p 00000000 00:00 0 
7f5dcb5af000-7f5dcb5c9000 r-xp 00000000 08:04 2228387                    /opt/oracle-jdk-bin-1.8.0.74/jre/lib/amd64/libzip.so
7f5dcb5c9000-7f5dcb7c9000 ---p 0001a000 08:04 2228387                    /opt/oracle-jdk-bin-1.8.0.74/jre/lib/amd64/libzip.so
7f5dcb7c9000-7f5dcb7ca000 rw-p 0001a000 08:04 2228387                    /opt/oracle-jdk-bin-1.8.0.74/jre/lib/amd64/libzip.so
7f5dcb7ca000-7f5dcb7d4000 r-xp 00000000 08:04 3710332                    /lib64/libnss_files-2.22.so
7f5dcb7d4000-7f5dcb9d3000 ---p 0000a000 08:04 3710332                    /lib64/libnss_files-2.22.so
7f5dcb9d3000-7f5dcb9d4000 r--p 00009000 08:04 3710332                    /lib64/libnss_files-2.22.so
7f5dcb9d4000-7f5dcb9d5000 rw-p 0000a000 08:04 3710332                    /lib64/libnss_files-2.22.so
7f5dcb9d5000-7f5dcb9df000 r-xp 00000000 08:04 3709019                    /lib64/libnss_nis-2.22.so
7f5dcb9df000-7f5dcbbde000 ---p 0000a000 08:04 3709019                    /lib64/libnss_nis-2.22.so
7f5dcbbde000-7f5dcbbdf000 r--p 00009000 08:04 3709019                    /lib64/libnss_nis-2.22.so
7f5dcbbdf000-7f5dcbbe0000 rw-p 0000a000 08:04 3709019                    /lib64/libnss_nis-2.22.so
7f5dcbbe0000-7f5dcbbf4000 r-xp 00000000 08:04 3709018                    /lib64/libnsl-2.22.so
7f5dcbbf4000-7f5dcbdf4000 ---p 00014000 08:04 3709018                    /lib64/libnsl-2.22.so
7f5dcbdf4000-7f5dcbdf5000 r--p 00014000 08:04 3709018                    /lib64/libnsl-2.22.so
7f5dcbdf5000-7f5dcbdf6000 rw-p 00015000 08:04 3709018                    /lib64/libnsl-2.22.so
7f5dcbdf6000-7f5dcbdf8000 rw-p 00000000 00:00 0 
7f5dcbdf8000-7f5dcbdff000 r-xp 00000000 08:04 3709021                    /lib64/libnss_compat-2.22.so
7f5dcbdff000-7f5dcbffe000 ---p 00007000 08:04 3709021                    /lib64/libnss_compat-2.22.so
7f5dcbffe000-7f5dcbfff000 r--p 00006000 08:04 3709021                    /lib64/libnss_compat-2.22.so
7f5dcbfff000-7f5dcc000000 rw-p 00007000 08:04 3709021                    /lib64/libnss_compat-2.22.so
7f5dcc000000-7f5dcc388000 rw-p 00000000 00:00 0 
7f5dcc388000-7f5dd0000000 ---p 00000000 00:00 0 
7f5dd0003000-7f5dd001b000 r--s 000f5000 08:04 1192249                    /home/xdien/AndroidStudioProjects/BtNho/app/build/intermediates/exploded-aar/com.google.android.gms/play-services-ads/8.4.0/jars/classes.jar
7f5dd001b000-7f5dd00b2000 rw-p 00000000 00:00 0 
7f5dd00b2000-7f5dd00dc000 r-xp 00000000 08:04 2228411                    /opt/oracle-jdk-bin-1.8.0.74/jre/lib/amd64/libjava.so
7f5dd00dc000-7f5dd02dc000 ---p 0002a000 08:04 2228411                    /opt/oracle-jdk-bin-1.8.0.74/jre/lib/amd64/libjava.so
7f5dd02dc000-7f5dd02de000 rw-p 0002a000 08:04 2228411                    /opt/oracle-jdk-bin-1.8.0.74/jre/lib/amd64/libjava.so
7f5dd02de000-7f5dd02eb000 r-xp 00000000 08:04 2228427                    /opt/oracle-jdk-bin-1.8.0.74/jre/lib/amd64/libverify.so
7f5dd02eb000-7f5dd04eb000 ---p 0000d000 08:04 2228427                    /opt/oracle-jdk-bin-1.8.0.74/jre/lib/amd64/libverify.so
7f5dd04eb000-7f5dd04ed000 rw-p 0000d000 08:04 2228427                    /opt/oracle-jdk-bin-1.8.0.74/jre/lib/amd64/libverify.so
7f5dd04ed000-7f5dd04f3000 r-xp 00000000 08:04 3710327                    /lib64/librt-2.22.so
7f5dd04f3000-7f5dd06f3000 ---p 00006000 08:04 3710327                    /lib64/librt-2.22.so
7f5dd06f3000-7f5dd06f4000 r--p 00006000 08:04 3710327                    /lib64/librt-2.22.so
7f5dd06f4000-7f5dd06f5000 rw-p 00007000 08:04 3710327                    /lib64/librt-2.22.so
7f5dd06f5000-7f5dd07f2000 r-xp 00000000 08:04 3708836                    /lib64/libm-2.22.so
7f5dd07f2000-7f5dd09f1000 ---p 000fd000 08:04 3708836                    /lib64/libm-2.22.so
7f5dd09f1000-7f5dd09f2000 r--p 000fc000 08:04 3708836                    /lib64/libm-2.22.so
7f5dd09f2000-7f5dd09f3000 rw-p 000fd000 08:04 3708836                    /lib64/libm-2.22.so
7f5dd09f3000-7f5dd16b2000 r-xp 00000000 08:04 2228415                    /opt/oracle-jdk-bin-1.8.0.74/jre/lib/amd64/server/libjvm.so
7f5dd16b2000-7f5dd18b1000 ---p 00cbf000 08:04 2228415                    /opt/oracle-jdk-bin-1.8.0.74/jre/lib/amd64/server/libjvm.so
7f5dd18b1000-7f5dd198a000 rw-p 00cbe000 08:04 2228415                    /opt/oracle-jdk-bin-1.8.0.74/jre/lib/amd64/server/libjvm.so
7f5dd198a000-7f5dd19d3000 rw-p 00000000 00:00 0 
7f5dd19d3000-7f5dd1b65000 r-xp 00000000 08:04 3704263                    /lib64/libc-2.22.so
7f5dd1b65000-7f5dd1d65000 ---p 00192000 08:04 3704263                    /lib64/libc-2.22.so
7f5dd1d65000-7f5dd1d69000 r--p 00192000 08:04 3704263                    /lib64/libc-2.22.so
7f5dd1d69000-7f5dd1d6b000 rw-p 00196000 08:04 3704263                    /lib64/libc-2.22.so
7f5dd1d6b000-7f5dd1d6f000 rw-p 00000000 00:00 0 
7f5dd1d6f000-7f5dd1d71000 r-xp 00000000 08:04 3710317                    /lib64/libdl-2.22.so
7f5dd1d71000-7f5dd1f71000 ---p 00002000 08:04 3710317                    /lib64/libdl-2.22.so
7f5dd1f71000-7f5dd1f72000 r--p 00002000 08:04 3710317                    /lib64/libdl-2.22.so
7f5dd1f72000-7f5dd1f73000 rw-p 00003000 08:04 3710317                    /lib64/libdl-2.22.so
7f5dd1f73000-7f5dd1f88000 r-xp 00000000 08:04 2229203                    /opt/oracle-jdk-bin-1.8.0.74/lib/amd64/jli/libjli.so
7f5dd1f88000-7f5dd2188000 ---p 00015000 08:04 2229203                    /opt/oracle-jdk-bin-1.8.0.74/lib/amd64/jli/libjli.so
7f5dd2188000-7f5dd2189000 rw-p 00015000 08:04 2229203                    /opt/oracle-jdk-bin-1.8.0.74/lib/amd64/jli/libjli.so
7f5dd2189000-7f5dd21a0000 r-xp 00000000 08:04 3708973                    /lib64/libpthread-2.22.so
7f5dd21a0000-7f5dd239f000 ---p 00017000 08:04 3708973                    /lib64/libpthread-2.22.so
7f5dd239f000-7f5dd23a0000 r--p 00016000 08:04 3708973                    /lib64/libpthread-2.22.so
7f5dd23a0000-7f5dd23a1000 rw-p 00017000 08:04 3708973                    /lib64/libpthread-2.22.so
7f5dd23a1000-7f5dd23a5000 rw-p 00000000 00:00 0 
7f5dd23a5000-7f5dd23c7000 r-xp 00000000 08:04 3705755                    /lib64/ld-2.22.so
7f5dd23cd000-7f5dd2492000 rw-p 00000000 00:00 0 
7f5dd2492000-7f5dd2495000 ---p 00000000 00:00 0 
7f5dd2495000-7f5dd2598000 rw-p 00000000 00:00 0                          [stack:6154]
7f5dd2598000-7f5dd25a7000 r--s 000df000 08:04 2233262                    /opt/android-sdk-update-manager/build-tools/23.0.2/lib/dx.jar
7f5dd25a7000-7f5dd25bb000 rw-p 00000000 00:00 0 
7f5dd25bb000-7f5dd25c3000 rw-s 00000000 00:20 363984                     /tmp/hsperfdata_xdien/6152
7f5dd25c3000-7f5dd25c4000 rw-p 00000000 00:00 0 
7f5dd25c4000-7f5dd25c5000 ---p 00000000 00:00 0 
7f5dd25c5000-7f5dd25c6000 rw-p 00000000 00:00 0 
7f5dd25c6000-7f5dd25c7000 r--p 00021000 08:04 3705755                    /lib64/ld-2.22.so
7f5dd25c7000-7f5dd25c8000 rw-p 00022000 08:04 3705755                    /lib64/ld-2.22.so
7f5dd25c8000-7f5dd25c9000 rw-p 00000000 00:00 0 
7ffe052f8000-7ffe05319000 rw-p 00000000 00:00 0                          [stack]
7ffe053ae000-7ffe053b0000 r--p 00000000 00:00 0                          [vvar]
7ffe053b0000-7ffe053b2000 r-xp 00000000 00:00 0                          [vdso]
ffffffffff600000-ffffffffff601000 r-xp 00000000 00:00 0                  [vsyscall]

VM Arguments:
jvm_args: -Djava.awt.headless=true -Xmx1024M -Dfile.encoding=US-ASCII -Duser.country=US -Duser.language=en -Duser.variant 
java_command: com.android.dx.command.Main --dex --num-threads=4 --output /home/xdien/AndroidStudioProjects/BtNho/app/build/intermediates/pre-dexed/debug/com.google.android.gms-play-services-ads-8.4.0_de7cb70d7d6f0d93d917408e3d8acd08fb5c1d1c.jar /home/xdien/AndroidStudioProjects/BtNho/app/build/intermediates/exploded-aar/com.google.android.gms/play-services-ads/8.4.0/jars/classes.jar
java_class_path (initial): /opt/android-sdk-update-manager/build-tools/23.0.2/lib/dx.jar
Launcher Type: SUN_STANDARD

Environment Variables:
JAVA_HOME=/etc/java-config-2/current-system-vm
PATH=/usr/local/bin:/usr/bin:/bin:/opt/bin:/usr/x86_64-pc-linux-gnu/gcc-bin/4.9.3:/opt/android-sdk-update-manager/tools:/opt/android-sdk-update-manager/platform-tools
USERNAME=xdien
LD_LIBRARY_PATH=/opt/android-studio/bin:
SHELL=/bin/bash
DISPLAY=:0

Signal Handlers:
SIGSEGV: [libjvm.so+0xabb070], sa_mask[0]=11111111011111111101111111111110, sa_flags=SA_RESTART|SA_SIGINFO
SIGBUS: [libjvm.so+0xabb070], sa_mask[0]=11111111011111111101111111111110, sa_flags=SA_RESTART|SA_SIGINFO
SIGFPE: [libjvm.so+0x918480], sa_mask[0]=11111111011111111101111111111110, sa_flags=SA_RESTART|SA_SIGINFO
SIGPIPE: [libjvm.so+0x918480], sa_mask[0]=11111111011111111101111111111110, sa_flags=SA_RESTART|SA_SIGINFO
SIGXFSZ: [libjvm.so+0x918480], sa_mask[0]=11111111011111111101111111111110, sa_flags=SA_RESTART|SA_SIGINFO
SIGILL: [libjvm.so+0x918480], sa_mask[0]=11111111011111111101111111111110, sa_flags=SA_RESTART|SA_SIGINFO
SIGUSR1: SIG_DFL, sa_mask[0]=00000000000000000000000000000000, sa_flags=none
SIGUSR2: [libjvm.so+0x919ab0], sa_mask[0]=00100000000000000000000000000000, sa_flags=SA_RESTART|SA_SIGINFO
SIGHUP: [libjvm.so+0x91aeb0], sa_mask[0]=11111111011111111101111111111110, sa_flags=SA_RESTART|SA_SIGINFO
SIGINT: [libjvm.so+0x91aeb0], sa_mask[0]=11111111011111111101111111111110, sa_flags=SA_RESTART|SA_SIGINFO
SIGTERM: [libjvm.so+0x91aeb0], sa_mask[0]=11111111011111111101111111111110, sa_flags=SA_RESTART|SA_SIGINFO
SIGQUIT: [libjvm.so+0x91aeb0], sa_mask[0]=11111111011111111101111111111110, sa_flags=SA_RESTART|SA_SIGINFO


---------------  S Y S T E M  ---------------

OS:Gentoo Base System release 2.2

uname:Linux 4.4.3-gentoo-2 #7 SMP Thu Mar 3 08:48:42 ICT 2016 x86_64
libc:glibc 2.22 NPTL 2.22 
rlimit: STACK 8192k, CORE 0k, NPROC 23085, NOFILE 4096, AS infinity
load average:23.19 8.07 3.60

/proc/meminfo:
MemTotal:        5913684 kB
MemFree:          344064 kB
MemAvailable:     391124 kB
Buffers:            1348 kB
Cached:           633504 kB
SwapCached:            0 kB
Active:          4328612 kB
Inactive:         612452 kB
Active(anon):    4321416 kB
Inactive(anon):   561408 kB
Active(file):       7196 kB
Inactive(file):    51044 kB
Unevictable:         356 kB
Mlocked:             356 kB
SwapTotal:             0 kB
SwapFree:              0 kB
Dirty:                 0 kB
Writeback:             0 kB
AnonPages:       4307452 kB
Mapped:           574364 kB
Shmem:            575780 kB
Slab:              74424 kB
SReclaimable:      25240 kB
SUnreclaim:        49184 kB
KernelStack:       13680 kB
PageTables:        50072 kB
NFS_Unstable:          0 kB
Bounce:                0 kB
WritebackTmp:          0 kB
CommitLimit:     2956840 kB
Committed_AS:   10945360 kB
VmallocTotal:   34359738367 kB
VmallocUsed:           0 kB
VmallocChunk:          0 kB
HugePages_Total:       0
HugePages_Free:        0
HugePages_Rsvd:        0
HugePages_Surp:        0
Hugepagesize:       2048 kB
DirectMap4k:       13560 kB
DirectMap2M:     6072320 kB


CPU:total 4 (2 cores per cpu, 2 threads per core) family 6 model 37 stepping 2, cmov, cx8, fxsr, mmx, sse, sse2, sse3, ssse3, sse4.1, sse4.2, popcnt, ht, tsc, tscinvbit

/proc/cpuinfo:
processor	: 0
vendor_id	: GenuineIntel
cpu family	: 6
model		: 37
model name	: Intel(R) Core(TM) i3 CPU       M 330  @ 2.13GHz
stepping	: 2
microcode	: 0x9
cpu MHz		: 1466.000
cache size	: 3072 KB
physical id	: 0
siblings	: 4
core id		: 0
cpu cores	: 2
apicid		: 0
initial apicid	: 0
fpu		: yes
fpu_exception	: yes
cpuid level	: 11
wp		: yes
flags		: fpu vme de pse tsc msr pae mce cx8 apic sep mtrr pge mca cmov pat pse36 clflush dts acpi mmx fxsr sse sse2 ss ht tm pbe syscall nx rdtscp lm constant_tsc arch_perfmon pebs bts rep_good nopl xtopology nonstop_tsc aperfmperf pni dtes64 monitor ds_cpl vmx est tm2 ssse3 cx16 xtpr pdcm sse4_1 sse4_2 popcnt lahf_lm arat dtherm tpr_shadow vnmi flexpriority ept vpid
bugs		:
bogomips	: 4256.54
clflush size	: 64
cache_alignment	: 64
address sizes	: 36 bits physical, 48 bits virtual
power management:

processor	: 1
vendor_id	: GenuineIntel
cpu family	: 6
model		: 37
model name	: Intel(R) Core(TM) i3 CPU       M 330  @ 2.13GHz
stepping	: 2
microcode	: 0x9
cpu MHz		: 1066.000
cache size	: 3072 KB
physical id	: 0
siblings	: 4
core id		: 0
cpu cores	: 2
apicid		: 1
initial apicid	: 1
fpu		: yes
fpu_exception	: yes
cpuid level	: 11
wp		: yes
flags		: fpu vme de pse tsc msr pae mce cx8 apic sep mtrr pge mca cmov pat pse36 clflush dts acpi mmx fxsr sse sse2 ss ht tm pbe syscall nx rdtscp lm constant_tsc arch_perfmon pebs bts rep_good nopl xtopology nonstop_tsc aperfmperf pni dtes64 monitor ds_cpl vmx est tm2 ssse3 cx16 xtpr pdcm sse4_1 sse4_2 popcnt lahf_lm arat dtherm tpr_shadow vnmi flexpriority ept vpid
bugs		:
bogomips	: 4256.54
clflush size	: 64
cache_alignment	: 64
address sizes	: 36 bits physical, 48 bits virtual
power management:

processor	: 2
vendor_id	: GenuineIntel
cpu family	: 6
model		: 37
model name	: Intel(R) Core(TM) i3 CPU       M 330  @ 2.13GHz
stepping	: 2
microcode	: 0x9
cpu MHz		: 933.000
cache size	: 3072 KB
physical id	: 0
siblings	: 4
core id		: 2
cpu cores	: 2
apicid		: 4
initial apicid	: 4
fpu		: yes
fpu_exception	: yes
cpuid level	: 11
wp		: yes
flags		: fpu vme de pse tsc msr pae mce cx8 apic sep mtrr pge mca cmov pat pse36 clflush dts acpi mmx fxsr sse sse2 ss ht tm pbe syscall nx rdtscp lm constant_tsc arch_perfmon pebs bts rep_good nopl xtopology nonstop_tsc aperfmperf pni dtes64 monitor ds_cpl vmx est tm2 ssse3 cx16 xtpr pdcm sse4_1 sse4_2 popcnt lahf_lm arat dtherm tpr_shadow vnmi flexpriority ept vpid
bugs		:
bogomips	: 4256.54
clflush size	: 64
cache_alignment	: 64
address sizes	: 36 bits physical, 48 bits virtual
power management:

processor	: 3
vendor_id	: GenuineIntel
cpu family	: 6
model		: 37
model name	: Intel(R) Core(TM) i3 CPU       M 330  @ 2.13GHz
stepping	: 2
microcode	: 0x9
cpu MHz		: 1066.000
cache size	: 3072 KB
physical id	: 0
siblings	: 4
core id		: 2
cpu cores	: 2
apicid		: 5
initial apicid	: 5
fpu		: yes
fpu_exception	: yes
cpuid level	: 11
wp		: yes
flags		: fpu vme de pse tsc msr pae mce cx8 apic sep mtrr pge mca cmov pat pse36 clflush dts acpi mmx fxsr sse sse2 ss ht tm pbe syscall nx rdtscp lm constant_tsc arch_perfmon pebs bts rep_good nopl xtopology nonstop_tsc aperfmperf pni dtes64 monitor ds_cpl vmx est tm2 ssse3 cx16 xtpr pdcm sse4_1 sse4_2 popcnt lahf_lm arat dtherm tpr_shadow vnmi flexpriority ept vpid
bugs		:
bogomips	: 4256.54
clflush size	: 64
cache_alignment	: 64
address sizes	: 36 bits physical, 48 bits virtual
power management:



Memory: 4k page, physical 5913684k(343320k free), swap 0k(0k free)

vm_info: Java HotSpot(TM) 64-Bit Server VM (25.74-b02) for linux-amd64 JRE (1.8.0_74-b02), built on Jan 29 2016 19:20:56 by "java_re" with gcc 4.3.0 20080428 (Red Hat 4.3.0-8)

time: Sat Mar  5 11:22:15 2016
elapsed time: 60 seconds (0d 0h 1m 0s)

