#
# There is insufficient memory for the Java Runtime Environment to continue.
# Native memory allocation (mmap) failed to map 110100480 bytes for committing reserved memory.
# Possible reasons:
#   The system is out of physical RAM or swap space
#   In 32 bit mode, the process size limit was hit
# Possible solutions:
#   Reduce memory load on the system
#   Increase physical memory or swap space
#   Check if swap backing store is full
#   Use 64 bit Java on a 64 bit OS
#   Decrease Java heap size (-Xmx/-Xms)
#   Decrease number of Java threads
#   Decrease Java thread stack sizes (-Xss)
#   Set larger code cache with -XX:ReservedCodeCacheSize=
# This output file may be truncated or incomplete.
#
#  Out of Memory Error (os_linux.cpp:2627), pid=6261, tid=140338558035712
#
# JRE version: Java(TM) SE Runtime Environment (8.0_74-b02) (build 1.8.0_74-b02)
# Java VM: Java HotSpot(TM) 64-Bit Server VM (25.74-b02 mixed mode linux-amd64 compressed oops)
# Failed to write core dump. Core dumps have been disabled. To enable core dumping, try "ulimit -c unlimited" before starting Java again
#

---------------  T H R E A D  ---------------

Current thread (0x00007fa330078000):  VMThread [stack: 0x00007fa31dd66000,0x00007fa31de67000] [id=6271]

Stack: [0x00007fa31dd66000,0x00007fa31de67000],  sp=0x00007fa31de652a0,  free space=1020k
Native frames: (J=compiled Java code, j=interpreted, Vv=VM code, C=native code)
V  [libjvm.so+0xaba7ea]  VMError::report_and_die()+0x2ba
V  [libjvm.so+0x4f9e3b]  report_vm_out_of_memory(char const*, int, unsigned long, VMErrorType, char const*)+0x8b
V  [libjvm.so+0x91b613]  os::Linux::commit_memory_impl(char*, unsigned long, bool)+0x103
V  [libjvm.so+0x91bb69]  os::pd_commit_memory(char*, unsigned long, unsigned long, bool)+0x29
V  [libjvm.so+0x915e6a]  os::commit_memory(char*, unsigned long, unsigned long, bool)+0x2a
V  [libjvm.so+0x989543]  PSVirtualSpace::expand_by(unsigned long)+0x53
V  [libjvm.so+0x98a948]  PSYoungGen::resize_generation(unsigned long, unsigned long)+0xf8
V  [libjvm.so+0x989aa2]  PSYoungGen::resize(unsigned long, unsigned long)+0x22
V  [libjvm.so+0x986d7b]  PSScavenge::invoke_no_policy()+0xf3b
V  [libjvm.so+0x987501]  PSScavenge::invoke()+0x41
V  [libjvm.so+0x93f300]  ParallelScavengeHeap::failed_mem_allocate(unsigned long)+0x70
V  [libjvm.so+0xabc207]  VM_ParallelGCFailedAllocation::doit()+0x97
V  [libjvm.so+0xac3c35]  VM_Operation::evaluate()+0x55
V  [libjvm.so+0xac200a]  VMThread::evaluate_operation(VM_Operation*)+0xba
V  [libjvm.so+0xac238e]  VMThread::loop()+0x1ce
V  [libjvm.so+0xac2800]  VMThread::run()+0x70
V  [libjvm.so+0x91d9d8]  java_start(Thread*)+0x108

VM_Operation (0x00007fa31d544e20): ParallelGCFailedAllocation, mode: safepoint, requested by thread 0x00007fa330138800


---------------  P R O C E S S  ---------------

Java Threads: ( => current thread )
  0x00007fa33014e800 JavaThread "pool-1-thread-4" [_thread_blocked, id=6285, stack(0x00007fa31d042000,0x00007fa31d143000)]
  0x00007fa33014b000 JavaThread "pool-1-thread-3" [_thread_blocked, id=6284, stack(0x00007fa31d143000,0x00007fa31d244000)]
  0x00007fa33014a000 JavaThread "pool-1-thread-2" [_thread_blocked, id=6283, stack(0x00007fa31d244000,0x00007fa31d345000)]
  0x00007fa33013b000 JavaThread "pool-2-thread-1" [_thread_blocked, id=6282, stack(0x00007fa31d345000,0x00007fa31d446000)]
  0x00007fa330138800 JavaThread "pool-1-thread-1" [_thread_blocked, id=6281, stack(0x00007fa31d446000,0x00007fa31d547000)]
  0x00007fa3300c1000 JavaThread "Service Thread" daemon [_thread_blocked, id=6278, stack(0x00007fa31d65f000,0x00007fa31d760000)]
  0x00007fa3300bc000 JavaThread "C1 CompilerThread2" daemon [_thread_blocked, id=6277, stack(0x00007fa31d760000,0x00007fa31d861000)]
  0x00007fa3300ba000 JavaThread "C2 CompilerThread1" daemon [_thread_blocked, id=6276, stack(0x00007fa31d861000,0x00007fa31d962000)]
  0x00007fa3300b7800 JavaThread "C2 CompilerThread0" daemon [_thread_in_native, id=6275, stack(0x00007fa31d962000,0x00007fa31da63000)]
  0x00007fa3300b6000 JavaThread "Signal Dispatcher" daemon [_thread_blocked, id=6274, stack(0x00007fa31da63000,0x00007fa31db64000)]
  0x00007fa330084000 JavaThread "Finalizer" daemon [_thread_blocked, id=6273, stack(0x00007fa31db64000,0x00007fa31dc65000)]
  0x00007fa33007f800 JavaThread "Reference Handler" daemon [_thread_blocked, id=6272, stack(0x00007fa31dc65000,0x00007fa31dd66000)]
  0x00007fa33000a000 JavaThread "main" [_thread_blocked, id=6263, stack(0x00007fa3383cd000,0x00007fa3384ce000)]

Other Threads:
=>0x00007fa330078000 VMThread [stack: 0x00007fa31dd66000,0x00007fa31de67000] [id=6271]
  0x00007fa3300c3800 WatcherThread [stack: 0x00007fa31d55e000,0x00007fa31d65f000] [id=6279]

VM state:at safepoint (normal execution)

VM Mutex/Monitor currently owned by a thread:  ([mutex/lock_event])
[0x00007fa330006540] Threads_lock - owner thread: 0x00007fa330078000
[0x00007fa330006a40] Heap_lock - owner thread: 0x00007fa330138800

Heap:
 PSYoungGen      total 110080K, used 17398K [0x00000000eab00000, 0x00000000f2b00000, 0x0000000100000000)
  eden space 92672K, 0% used [0x00000000eab00000,0x00000000eab00000,0x00000000f0580000)
  from space 17408K, 99% used [0x00000000f0580000,0x00000000f167d928,0x00000000f1680000)
  to   space 13824K, 0% used [0x00000000f1680000,0x00000000f1680000,0x00000000f2400000)
 ParOldGen       total 62976K, used 32392K [0x00000000c0000000, 0x00000000c3d80000, 0x00000000eab00000)
  object space 62976K, 51% used [0x00000000c0000000,0x00000000c1fa2300,0x00000000c3d80000)
 Metaspace       used 6067K, capacity 7024K, committed 7296K, reserved 1056768K
  class space    used 593K, capacity 616K, committed 640K, reserved 1048576K

Card table byte_map: [0x00007fa334fdb000,0x00007fa3351dc000] byte_map_base: 0x00007fa3349db000

Marking Bits: (ParMarkBitMap*) 0x00007fa3378e3260
 Begin Bits: [0x00007fa31f000000, 0x00007fa320000000)
 End Bits:   [0x00007fa320000000, 0x00007fa321000000)

Polling page: 0x00007fa3384ff000

CodeCache: size=245760Kb used=6065Kb max_used=6065Kb free=239694Kb
 bounds [0x00007fa321000000, 0x00007fa321600000, 0x00007fa330000000]
 total_blobs=1775 nmethods=1508 adapters=182
 compilation: enabled

Compilation events (10 events):
Event: 15.630 Thread 0x00007fa3300bc000 nmethod 1914% 0x00007fa3215edc90 code [0x00007fa3215edee0, 0x00007fa3215eeae8]
Event: 15.630 Thread 0x00007fa3300bc000 1909       2       com.android.dx.cf.code.BaseMachine::auxTargetArg (6 bytes)
Event: 15.630 Thread 0x00007fa3300bc000 nmethod 1909 0x00007fa3215ef410 code [0x00007fa3215ef560, 0x00007fa3215ef6b0]
Event: 15.630 Thread 0x00007fa3300bc000 1910       2       com.android.dx.cf.code.Simulator$SimVisitor::visitBranch (341 bytes)
Event: 15.660 Thread 0x00007fa3300bc000 nmethod 1910 0x00007fa3215ef750 code [0x00007fa3215ef980, 0x00007fa3215f0128]
Event: 15.660 Thread 0x00007fa3300bc000 1844       2       java.util.concurrent.locks.AbstractQueuedSynchronizer::setState (6 bytes)
Event: 15.660 Thread 0x00007fa3300bc000 nmethod 1844 0x00007fa3215f07d0 code [0x00007fa3215f0920, 0x00007fa3215f0a70]
Event: 15.660 Thread 0x00007fa3300bc000 1849       2       java.util.concurrent.locks.AbstractQueuedSynchronizer::compareAndSetState (13 bytes)
Event: 15.660 Thread 0x00007fa3300bc000 nmethod 1849 0x00007fa3215f0ad0 code [0x00007fa3215f0c20, 0x00007fa3215f0d90]
Event: 15.660 Thread 0x00007fa3300bc000 1852       2       java.util.concurrent.locks.AbstractQueuedSynchronizer::release (33 bytes)

GC Heap History (10 events):
Event: 7.490 GC heap after
Heap after GC invocations=2 (full 0):
 PSYoungGen      total 27648K, used 3575K [0x00000000eab00000, 0x00000000ee100000, 0x0000000100000000)
  eden space 24064K, 0% used [0x00000000eab00000,0x00000000eab00000,0x00000000ec280000)
  from space 3584K, 99% used [0x00000000ec600000,0x00000000ec97dc88,0x00000000ec980000)
  to   space 3584K, 0% used [0x00000000ec280000,0x00000000ec280000,0x00000000ec600000)
 ParOldGen       total 62976K, used 1539K [0x00000000c0000000, 0x00000000c3d80000, 0x00000000eab00000)
  object space 62976K, 2% used [0x00000000c0000000,0x00000000c0180f98,0x00000000c3d80000)
 Metaspace       used 5710K, capacity 6704K, committed 6784K, reserved 1056768K
  class space    used 586K, capacity 616K, committed 640K, reserved 1048576K
}
Event: 8.533 GC heap before
{Heap before GC invocations=3 (full 0):
 PSYoungGen      total 27648K, used 27639K [0x00000000eab00000, 0x00000000ee100000, 0x0000000100000000)
  eden space 24064K, 100% used [0x00000000eab00000,0x00000000ec280000,0x00000000ec280000)
  from space 3584K, 99% used [0x00000000ec600000,0x00000000ec97dc88,0x00000000ec980000)
  to   space 3584K, 0% used [0x00000000ec280000,0x00000000ec280000,0x00000000ec600000)
 ParOldGen       total 62976K, used 1539K [0x00000000c0000000, 0x00000000c3d80000, 0x00000000eab00000)
  object space 62976K, 2% used [0x00000000c0000000,0x00000000c0180f98,0x00000000c3d80000)
 Metaspace       used 5752K, capacity 6768K, committed 7040K, reserved 1056768K
  class space    used 586K, capacity 616K, committed 640K, reserved 1048576K
Event: 8.589 GC heap after
Heap after GC invocations=3 (full 0):
 PSYoungGen      total 27648K, used 3578K [0x00000000eab00000, 0x00000000ee100000, 0x0000000100000000)
  eden space 24064K, 0% used [0x00000000eab00000,0x00000000eab00000,0x00000000ec280000)
  from space 3584K, 99% used [0x00000000ec280000,0x00000000ec5feaa8,0x00000000ec600000)
  to   space 3584K, 0% used [0x00000000edd80000,0x00000000edd80000,0x00000000ee100000)
 ParOldGen       total 62976K, used 5158K [0x00000000c0000000, 0x00000000c3d80000, 0x00000000eab00000)
  object space 62976K, 8% used [0x00000000c0000000,0x00000000c0509ab0,0x00000000c3d80000)
 Metaspace       used 5752K, capacity 6768K, committed 7040K, reserved 1056768K
  class space    used 586K, capacity 616K, committed 640K, reserved 1048576K
}
Event: 9.291 GC heap before
{Heap before GC invocations=4 (full 0):
 PSYoungGen      total 27648K, used 27642K [0x00000000eab00000, 0x00000000ee100000, 0x0000000100000000)
  eden space 24064K, 100% used [0x00000000eab00000,0x00000000ec280000,0x00000000ec280000)
  from space 3584K, 99% used [0x00000000ec280000,0x00000000ec5feaa8,0x00000000ec600000)
  to   space 3584K, 0% used [0x00000000edd80000,0x00000000edd80000,0x00000000ee100000)
 ParOldGen       total 62976K, used 5158K [0x00000000c0000000, 0x00000000c3d80000, 0x00000000eab00000)
  object space 62976K, 8% used [0x00000000c0000000,0x00000000c0509ab0,0x00000000c3d80000)
 Metaspace       used 5870K, capacity 6832K, committed 7040K, reserved 1056768K
  class space    used 591K, capacity 616K, committed 640K, reserved 1048576K
Event: 9.374 GC heap after
Heap after GC invocations=4 (full 0):
 PSYoungGen      total 51712K, used 3557K [0x00000000eab00000, 0x00000000ee100000, 0x0000000100000000)
  eden space 48128K, 0% used [0x00000000eab00000,0x00000000eab00000,0x00000000eda00000)
  from space 3584K, 99% used [0x00000000edd80000,0x00000000ee0f96f0,0x00000000ee100000)
  to   space 3584K, 0% used [0x00000000eda00000,0x00000000eda00000,0x00000000edd80000)
 ParOldGen       total 62976K, used 9199K [0x00000000c0000000, 0x00000000c3d80000, 0x00000000eab00000)
  object space 62976K, 14% used [0x00000000c0000000,0x00000000c08fbd50,0x00000000c3d80000)
 Metaspace       used 5870K, capacity 6832K, committed 7040K, reserved 1056768K
  class space    used 591K, capacity 616K, committed 640K, reserved 1048576K
}
Event: 10.766 GC heap before
{Heap before GC invocations=5 (full 0):
 PSYoungGen      total 51712K, used 51685K [0x00000000eab00000, 0x00000000ee100000, 0x0000000100000000)
  eden space 48128K, 100% used [0x00000000eab00000,0x00000000eda00000,0x00000000eda00000)
  from space 3584K, 99% used [0x00000000edd80000,0x00000000ee0f96f0,0x00000000ee100000)
  to   space 3584K, 0% used [0x00000000eda00000,0x00000000eda00000,0x00000000edd80000)
 ParOldGen       total 62976K, used 9199K [0x00000000c0000000, 0x00000000c3d80000, 0x00000000eab00000)
  object space 62976K, 14% used [0x00000000c0000000,0x00000000c08fbd50,0x00000000c3d80000)
 Metaspace       used 5909K, capacity 6896K, committed 7040K, reserved 1056768K
  class space    used 591K, capacity 616K, committed 640K, reserved 1048576K
Event: 10.931 GC heap after
Heap after GC invocations=5 (full 0):
 PSYoungGen      total 51712K, used 3555K [0x00000000eab00000, 0x00000000f2400000, 0x0000000100000000)
  eden space 48128K, 0% used [0x00000000eab00000,0x00000000eab00000,0x00000000eda00000)
  from space 3584K, 99% used [0x00000000eda00000,0x00000000edd78f48,0x00000000edd80000)
  to   space 13824K, 0% used [0x00000000f1680000,0x00000000f1680000,0x00000000f2400000)
 ParOldGen       total 62976K, used 19158K [0x00000000c0000000, 0x00000000c3d80000, 0x00000000eab00000)
  object space 62976K, 30% used [0x00000000c0000000,0x00000000c12b5ad0,0x00000000c3d80000)
 Metaspace       used 5909K, capacity 6896K, committed 7040K, reserved 1056768K
  class space    used 591K, capacity 616K, committed 640K, reserved 1048576K
}
Event: 11.980 GC heap before
{Heap before GC invocations=6 (full 0):
 PSYoungGen      total 51712K, used 51683K [0x00000000eab00000, 0x00000000f2400000, 0x0000000100000000)
  eden space 48128K, 100% used [0x00000000eab00000,0x00000000eda00000,0x00000000eda00000)
  from space 3584K, 99% used [0x00000000eda00000,0x00000000edd78f48,0x00000000edd80000)
  to   space 13824K, 0% used [0x00000000f1680000,0x00000000f1680000,0x00000000f2400000)
 ParOldGen       total 62976K, used 19158K [0x00000000c0000000, 0x00000000c3d80000, 0x00000000eab00000)
  object space 62976K, 30% used [0x00000000c0000000,0x00000000c12b5ad0,0x00000000c3d80000)
 Metaspace       used 5952K, capacity 6960K, committed 7040K, reserved 1056768K
  class space    used 592K, capacity 616K, committed 640K, reserved 1048576K
Event: 12.189 GC heap after
Heap after GC invocations=6 (full 0):
 PSYoungGen      total 106496K, used 13793K [0x00000000eab00000, 0x00000000f2b00000, 0x0000000100000000)
  eden space 92672K, 0% used [0x00000000eab00000,0x00000000eab00000,0x00000000f0580000)
  from space 13824K, 99% used [0x00000000f1680000,0x00000000f23f86d8,0x00000000f2400000)
  to   space 17408K, 0% used [0x00000000f0580000,0x00000000f0580000,0x00000000f1680000)
 ParOldGen       total 62976K, used 20282K [0x00000000c0000000, 0x00000000c3d80000, 0x00000000eab00000)
  object space 62976K, 32% used [0x00000000c0000000,0x00000000c13ce8b8,0x00000000c3d80000)
 Metaspace       used 5952K, capacity 6960K, committed 7040K, reserved 1056768K
  class space    used 592K, capacity 616K, committed 640K, reserved 1048576K
}
Event: 15.661 GC heap before
{Heap before GC invocations=7 (full 0):
 PSYoungGen      total 106496K, used 106465K [0x00000000eab00000, 0x00000000f2b00000, 0x0000000100000000)
  eden space 92672K, 100% used [0x00000000eab00000,0x00000000f0580000,0x00000000f0580000)
  from space 13824K, 99% used [0x00000000f1680000,0x00000000f23f86d8,0x00000000f2400000)
  to   space 17408K, 0% used [0x00000000f0580000,0x00000000f0580000,0x00000000f1680000)
 ParOldGen       total 62976K, used 20282K [0x00000000c0000000, 0x00000000c3d80000, 0x00000000eab00000)
  object space 62976K, 32% used [0x00000000c0000000,0x00000000c13ce8b8,0x00000000c3d80000)
 Metaspace       used 6067K, capacity 7024K, committed 7296K, reserved 1056768K
  class space    used 593K, capacity 616K, committed 640K, reserved 1048576K

Deoptimization events (10 events):
Event: 5.541 Thread 0x00007fa33014a000 Uncommon trap: reason=unstable_if action=reinterpret pc=0x00007fa3211f8a50 method=java.util.HashMap.getNode(ILjava/lang/Object;)Ljava/util/HashMap$Node; @ 129
Event: 6.831 Thread 0x00007fa33014e800 Uncommon trap: reason=bimorphic action=maybe_recompile pc=0x00007fa321254438 method=java.util.HashMap.getNode(ILjava/lang/Object;)Ljava/util/HashMap$Node; @ 126
Event: 7.093 Thread 0x00007fa330138800 Uncommon trap: reason=bimorphic action=maybe_recompile pc=0x00007fa321254438 method=java.util.HashMap.getNode(ILjava/lang/Object;)Ljava/util/HashMap$Node; @ 126
Event: 7.093 Thread 0x00007fa330138800 Uncommon trap: reason=bimorphic action=maybe_recompile pc=0x00007fa321254438 method=java.util.HashMap.getNode(ILjava/lang/Object;)Ljava/util/HashMap$Node; @ 126
Event: 7.118 Thread 0x00007fa33000a000 Uncommon trap: reason=bimorphic action=maybe_recompile pc=0x00007fa321254438 method=java.util.HashMap.getNode(ILjava/lang/Object;)Ljava/util/HashMap$Node; @ 126
Event: 7.214 Thread 0x00007fa33014b000 Uncommon trap: reason=unstable_if action=reinterpret pc=0x00007fa3211ef8dc method=com.android.dx.rop.cst.Constant.compareTo(Lcom/android/dx/rop/cst/Constant;)I @ 12
Event: 7.527 Thread 0x00007fa330138800 Uncommon trap: reason=null_check action=make_not_entrant pc=0x00007fa321240420 method=com.android.dx.rop.type.Type.equals(Ljava/lang/Object;)Z @ 8
Event: 10.134 Thread 0x00007fa33014b000 Uncommon trap: reason=unstable_if action=reinterpret pc=0x00007fa3213366bc method=com.android.dx.ssa.SsaMethod.updateOneDefinition(Lcom/android/dx/ssa/SsaInsn;Lcom/android/dx/rop/code/RegisterSpec;)V @ 4
Event: 10.286 Thread 0x00007fa33000a000 Uncommon trap: reason=null_check action=make_not_entrant pc=0x00007fa3212703a4 method=com.android.dx.ssa.SsaRenamer.getLocalForNewReg(I)Lcom/android/dx/rop/code/LocalItem; @ 19
Event: 13.568 Thread 0x00007fa330138800 Uncommon trap: reason=unstable_if action=reinterpret pc=0x00007fa32157257c method=com.android.dx.cf.code.ByteCatchList.listFor(I)Lcom/android/dx/cf/code/ByteCatchList; @ 19

Internal exceptions (4 events):
Event: 0.474 Thread 0x00007fa33000a000 Exception <a 'java/lang/NoSuchMethodError': Method sun.misc.Unsafe.defineClass(Ljava/lang/String;[BII)Ljava/lang/Class; name or signature does not match> (0x00000000eab07cc0) thrown at [/HUDSON3/workspace/8-2-build-linux-amd64/jdk8u74/6087/hotspot/src/sha
Event: 0.474 Thread 0x00007fa33000a000 Exception <a 'java/lang/NoSuchMethodError': Method sun.misc.Unsafe.prefetchRead(Ljava/lang/Object;J)V name or signature does not match> (0x00000000eab07fa8) thrown at [/HUDSON3/workspace/8-2-build-linux-amd64/jdk8u74/6087/hotspot/src/share/vm/prims/jni.cp
Event: 7.527 Thread 0x00007fa330138800 Implicit null exception at 0x00007fa321240322 to 0x00007fa321240413
Event: 10.286 Thread 0x00007fa33000a000 Implicit null exception at 0x00007fa32126ea34 to 0x00007fa321270385

Events (10 events):
Event: 14.868 Thread 0x00007fa33014b000 DEOPT UNPACKING pc=0x00007fa321047233 sp=0x00007fa31d2419b0 mode 0
Event: 14.888 Thread 0x00007fa33014b000 DEOPT PACKING pc=0x00007fa3215586f3 sp=0x00007fa31d241c90
Event: 14.888 Thread 0x00007fa33014b000 DEOPT UNPACKING pc=0x00007fa321047233 sp=0x00007fa31d2419b0 mode 0
Event: 15.117 Thread 0x00007fa33014a000 DEOPT PACKING pc=0x00007fa321318bdf sp=0x00007fa31d342ec0
Event: 15.117 Thread 0x00007fa33014a000 DEOPT UNPACKING pc=0x00007fa321047233 sp=0x00007fa31d342ca8 mode 0
Event: 15.456 Thread 0x00007fa330138800 DEOPT PACKING pc=0x00007fa3214bdfcb sp=0x00007fa31d5451b0
Event: 15.456 Thread 0x00007fa330138800 DEOPT UNPACKING pc=0x00007fa321047233 sp=0x00007fa31d544f88 mode 0
Event: 15.486 Thread 0x00007fa330138800 DEOPT PACKING pc=0x00007fa3214b6b2f sp=0x00007fa31d545110
Event: 15.486 Thread 0x00007fa330138800 DEOPT UNPACKING pc=0x00007fa321047233 sp=0x00007fa31d544ea0 mode 0
Event: 15.661 Executing VM operation: ParallelGCFailedAllocation


Dynamic libraries:
00200000-00401000 r-xp 00000000 08:04 2228272                            /opt/oracle-jdk-bin-1.8.0.74/bin/java
00600000-00601000 rw-p 00200000 08:04 2228272                            /opt/oracle-jdk-bin-1.8.0.74/bin/java
008aa000-008cb000 rw-p 00000000 00:00 0                                  [heap]
c0000000-c3d80000 rw-p 00000000 00:00 0 
c3d80000-eab00000 ---p 00000000 00:00 0 
eab00000-f2b00000 rw-p 00000000 00:00 0 
f9400000-100000000 ---p 00000000 00:00 0 
100000000-1000a0000 rw-p 00000000 00:00 0 
1000a0000-140000000 ---p 00000000 00:00 0 
7fa2d0000000-7fa2d0021000 rw-p 00000000 00:00 0 
7fa2d0021000-7fa2d4000000 ---p 00000000 00:00 0 
7fa2d8000000-7fa2d8023000 rw-p 00000000 00:00 0 
7fa2d8023000-7fa2dc000000 ---p 00000000 00:00 0 
7fa2dc000000-7fa2dc021000 rw-p 00000000 00:00 0 
7fa2dc021000-7fa2e0000000 ---p 00000000 00:00 0 
7fa2e0000000-7fa2e0029000 rw-p 00000000 00:00 0 
7fa2e0029000-7fa2e4000000 ---p 00000000 00:00 0 
7fa2e4000000-7fa2e4021000 rw-p 00000000 00:00 0 
7fa2e4021000-7fa2e8000000 ---p 00000000 00:00 0 
7fa2e8000000-7fa2e8021000 rw-p 00000000 00:00 0 
7fa2e8021000-7fa2ec000000 ---p 00000000 00:00 0 
7fa2ec000000-7fa2ec021000 rw-p 00000000 00:00 0 
7fa2ec021000-7fa2f0000000 ---p 00000000 00:00 0 
7fa2f0000000-7fa2f07a7000 rw-p 00000000 00:00 0 
7fa2f07a7000-7fa2f4000000 ---p 00000000 00:00 0 
7fa2f4000000-7fa2f48b9000 rw-p 00000000 00:00 0 
7fa2f48b9000-7fa2f8000000 ---p 00000000 00:00 0 
7fa2f8000000-7fa2f8021000 rw-p 00000000 00:00 0 
7fa2f8021000-7fa2fc000000 ---p 00000000 00:00 0 
7fa2fc000000-7fa2fc6da000 rw-p 00000000 00:00 0 
7fa2fc6da000-7fa300000000 ---p 00000000 00:00 0 
7fa300000000-7fa300021000 rw-p 00000000 00:00 0 
7fa300021000-7fa304000000 ---p 00000000 00:00 0 
7fa304000000-7fa304021000 rw-p 00000000 00:00 0 
7fa304021000-7fa308000000 ---p 00000000 00:00 0 
7fa308000000-7fa308021000 rw-p 00000000 00:00 0 
7fa308021000-7fa30c000000 ---p 00000000 00:00 0 
7fa30c000000-7fa30c28b000 rw-p 00000000 00:00 0 
7fa30c28b000-7fa310000000 ---p 00000000 00:00 0 
7fa310000000-7fa310021000 rw-p 00000000 00:00 0 
7fa310021000-7fa314000000 ---p 00000000 00:00 0 
7fa314000000-7fa314021000 rw-p 00000000 00:00 0 
7fa314021000-7fa318000000 ---p 00000000 00:00 0 
7fa318000000-7fa318021000 rw-p 00000000 00:00 0 
7fa318021000-7fa31c000000 ---p 00000000 00:00 0 
7fa31d042000-7fa31d045000 ---p 00000000 00:00 0 
7fa31d045000-7fa31d143000 rw-p 00000000 00:00 0                          [stack:6285]
7fa31d143000-7fa31d146000 ---p 00000000 00:00 0 
7fa31d146000-7fa31d244000 rw-p 00000000 00:00 0                          [stack:6284]
7fa31d244000-7fa31d247000 ---p 00000000 00:00 0 
7fa31d247000-7fa31d345000 rw-p 00000000 00:00 0                          [stack:6283]
7fa31d345000-7fa31d348000 ---p 00000000 00:00 0 
7fa31d348000-7fa31d446000 rw-p 00000000 00:00 0                          [stack:6282]
7fa31d446000-7fa31d449000 ---p 00000000 00:00 0 
7fa31d449000-7fa31d547000 rw-p 00000000 00:00 0                          [stack:6281]
7fa31d547000-7fa31d55e000 r--s 0008b000 08:04 1192889                    /home/xdien/AndroidStudioProjects/BtNho/app/build/intermediates/exploded-aar/com.google.android.gms/play-services-games/8.4.0/jars/classes.jar
7fa31d55e000-7fa31d55f000 ---p 00000000 00:00 0 
7fa31d55f000-7fa31d65f000 rw-p 00000000 00:00 0                          [stack:6279]
7fa31d65f000-7fa31d662000 ---p 00000000 00:00 0 
7fa31d662000-7fa31d760000 rw-p 00000000 00:00 0                          [stack:6278]
7fa31d760000-7fa31d763000 ---p 00000000 00:00 0 
7fa31d763000-7fa31d861000 rw-p 00000000 00:00 0                          [stack:6277]
7fa31d861000-7fa31d864000 ---p 00000000 00:00 0 
7fa31d864000-7fa31d962000 rw-p 00000000 00:00 0                          [stack:6276]
7fa31d962000-7fa31d965000 ---p 00000000 00:00 0 
7fa31d965000-7fa31da63000 rw-p 00000000 00:00 0                          [stack:6275]
7fa31da63000-7fa31da66000 ---p 00000000 00:00 0 
7fa31da66000-7fa31db64000 rw-p 00000000 00:00 0                          [stack:6274]
7fa31db64000-7fa31db67000 ---p 00000000 00:00 0 
7fa31db67000-7fa31dc65000 rw-p 00000000 00:00 0                          [stack:6273]
7fa31dc65000-7fa31dc68000 ---p 00000000 00:00 0 
7fa31dc68000-7fa31dd66000 rw-p 00000000 00:00 0                          [stack:6272]
7fa31dd66000-7fa31dd67000 ---p 00000000 00:00 0 
7fa31dd67000-7fa31ee28000 rw-p 00000000 00:00 0                          [stack:6271]
7fa31ee28000-7fa31f000000 r--s 03d1d000 08:04 2228363                    /opt/oracle-jdk-bin-1.8.0.74/jre/lib/rt.jar
7fa31f000000-7fa321000000 rw-p 00000000 00:00 0 
7fa321000000-7fa321600000 rwxp 00000000 00:00 0 
7fa321600000-7fa330000000 ---p 00000000 00:00 0 
7fa330000000-7fa330387000 rw-p 00000000 00:00 0 
7fa330387000-7fa334000000 ---p 00000000 00:00 0 
7fa33400b000-7fa334701000 rw-p 00000000 00:00 0 
7fa334701000-7fa334881000 ---p 00000000 00:00 0 
7fa334881000-7fa334a81000 rw-p 00000000 00:00 0 
7fa334a81000-7fa334a82000 ---p 00000000 00:00 0 
7fa334a82000-7fa334b82000 rw-p 00000000 00:00 0                          [stack:6270]
7fa334b82000-7fa334b83000 ---p 00000000 00:00 0 
7fa334b83000-7fa334c83000 rw-p 00000000 00:00 0                          [stack:6269]
7fa334c83000-7fa334c84000 ---p 00000000 00:00 0 
7fa334c84000-7fa334d84000 rw-p 00000000 00:00 0                          [stack:6268]
7fa334d84000-7fa334d85000 ---p 00000000 00:00 0 
7fa334d85000-7fa334ea4000 rw-p 00000000 00:00 0                          [stack:6267]
7fa334ea4000-7fa334fdb000 ---p 00000000 00:00 0 
7fa334fdb000-7fa334ffa000 rw-p 00000000 00:00 0 
7fa334ffa000-7fa335130000 ---p 00000000 00:00 0 
7fa335130000-7fa335171000 rw-p 00000000 00:00 0 
7fa335171000-7fa3351db000 ---p 00000000 00:00 0 
7fa3351db000-7fa3351f4000 rw-p 00000000 00:00 0 
7fa3351f4000-7fa33559c000 ---p 00000000 00:00 0 
7fa33559c000-7fa3355b6000 r-xp 00000000 08:04 2228387                    /opt/oracle-jdk-bin-1.8.0.74/jre/lib/amd64/libzip.so
7fa3355b6000-7fa3357b6000 ---p 0001a000 08:04 2228387                    /opt/oracle-jdk-bin-1.8.0.74/jre/lib/amd64/libzip.so
7fa3357b6000-7fa3357b7000 rw-p 0001a000 08:04 2228387                    /opt/oracle-jdk-bin-1.8.0.74/jre/lib/amd64/libzip.so
7fa3357b7000-7fa3357c1000 r-xp 00000000 08:04 3710332                    /lib64/libnss_files-2.22.so
7fa3357c1000-7fa3359c0000 ---p 0000a000 08:04 3710332                    /lib64/libnss_files-2.22.so
7fa3359c0000-7fa3359c1000 r--p 00009000 08:04 3710332                    /lib64/libnss_files-2.22.so
7fa3359c1000-7fa3359c2000 rw-p 0000a000 08:04 3710332                    /lib64/libnss_files-2.22.so
7fa3359c2000-7fa3359cc000 r-xp 00000000 08:04 3709019                    /lib64/libnss_nis-2.22.so
7fa3359cc000-7fa335bcb000 ---p 0000a000 08:04 3709019                    /lib64/libnss_nis-2.22.so
7fa335bcb000-7fa335bcc000 r--p 00009000 08:04 3709019                    /lib64/libnss_nis-2.22.so
7fa335bcc000-7fa335bcd000 rw-p 0000a000 08:04 3709019                    /lib64/libnss_nis-2.22.so
7fa335bcd000-7fa335be1000 r-xp 00000000 08:04 3709018                    /lib64/libnsl-2.22.so
7fa335be1000-7fa335de1000 ---p 00014000 08:04 3709018                    /lib64/libnsl-2.22.so
7fa335de1000-7fa335de2000 r--p 00014000 08:04 3709018                    /lib64/libnsl-2.22.so
7fa335de2000-7fa335de3000 rw-p 00015000 08:04 3709018                    /lib64/libnsl-2.22.so
7fa335de3000-7fa335de5000 rw-p 00000000 00:00 0 
7fa335de5000-7fa335dec000 r-xp 00000000 08:04 3709021                    /lib64/libnss_compat-2.22.so
7fa335dec000-7fa335feb000 ---p 00007000 08:04 3709021                    /lib64/libnss_compat-2.22.so
7fa335feb000-7fa335fec000 r--p 00006000 08:04 3709021                    /lib64/libnss_compat-2.22.so
7fa335fec000-7fa335fed000 rw-p 00007000 08:04 3709021                    /lib64/libnss_compat-2.22.so
7fa335fed000-7fa336017000 r-xp 00000000 08:04 2228411                    /opt/oracle-jdk-bin-1.8.0.74/jre/lib/amd64/libjava.so
7fa336017000-7fa336217000 ---p 0002a000 08:04 2228411                    /opt/oracle-jdk-bin-1.8.0.74/jre/lib/amd64/libjava.so
7fa336217000-7fa336219000 rw-p 0002a000 08:04 2228411                    /opt/oracle-jdk-bin-1.8.0.74/jre/lib/amd64/libjava.so
7fa336219000-7fa336226000 r-xp 00000000 08:04 2228427                    /opt/oracle-jdk-bin-1.8.0.74/jre/lib/amd64/libverify.so
7fa336226000-7fa336426000 ---p 0000d000 08:04 2228427                    /opt/oracle-jdk-bin-1.8.0.74/jre/lib/amd64/libverify.so
7fa336426000-7fa336428000 rw-p 0000d000 08:04 2228427                    /opt/oracle-jdk-bin-1.8.0.74/jre/lib/amd64/libverify.so
7fa336428000-7fa33642e000 r-xp 00000000 08:04 3710327                    /lib64/librt-2.22.so
7fa33642e000-7fa33662e000 ---p 00006000 08:04 3710327                    /lib64/librt-2.22.so
7fa33662e000-7fa33662f000 r--p 00006000 08:04 3710327                    /lib64/librt-2.22.so
7fa33662f000-7fa336630000 rw-p 00007000 08:04 3710327                    /lib64/librt-2.22.so
7fa336630000-7fa33672d000 r-xp 00000000 08:04 3708836                    /lib64/libm-2.22.so
7fa33672d000-7fa33692c000 ---p 000fd000 08:04 3708836                    /lib64/libm-2.22.so
7fa33692c000-7fa33692d000 r--p 000fc000 08:04 3708836                    /lib64/libm-2.22.so
7fa33692d000-7fa33692e000 rw-p 000fd000 08:04 3708836                    /lib64/libm-2.22.so
7fa33692e000-7fa3375ed000 r-xp 00000000 08:04 2228415                    /opt/oracle-jdk-bin-1.8.0.74/jre/lib/amd64/server/libjvm.so
7fa3375ed000-7fa3377ec000 ---p 00cbf000 08:04 2228415                    /opt/oracle-jdk-bin-1.8.0.74/jre/lib/amd64/server/libjvm.so
7fa3377ec000-7fa3378c5000 rw-p 00cbe000 08:04 2228415                    /opt/oracle-jdk-bin-1.8.0.74/jre/lib/amd64/server/libjvm.so
7fa3378c5000-7fa33790e000 rw-p 00000000 00:00 0 
7fa33790e000-7fa337aa0000 r-xp 00000000 08:04 3704263                    /lib64/libc-2.22.so
7fa337aa0000-7fa337ca0000 ---p 00192000 08:04 3704263                    /lib64/libc-2.22.so
7fa337ca0000-7fa337ca4000 r--p 00192000 08:04 3704263                    /lib64/libc-2.22.so
7fa337ca4000-7fa337ca6000 rw-p 00196000 08:04 3704263                    /lib64/libc-2.22.so
7fa337ca6000-7fa337caa000 rw-p 00000000 00:00 0 
7fa337caa000-7fa337cac000 r-xp 00000000 08:04 3710317                    /lib64/libdl-2.22.so
7fa337cac000-7fa337eac000 ---p 00002000 08:04 3710317                    /lib64/libdl-2.22.so
7fa337eac000-7fa337ead000 r--p 00002000 08:04 3710317                    /lib64/libdl-2.22.so
7fa337ead000-7fa337eae000 rw-p 00003000 08:04 3710317                    /lib64/libdl-2.22.so
7fa337eae000-7fa337ec3000 r-xp 00000000 08:04 2229203                    /opt/oracle-jdk-bin-1.8.0.74/lib/amd64/jli/libjli.so
7fa337ec3000-7fa3380c3000 ---p 00015000 08:04 2229203                    /opt/oracle-jdk-bin-1.8.0.74/lib/amd64/jli/libjli.so
7fa3380c3000-7fa3380c4000 rw-p 00015000 08:04 2229203                    /opt/oracle-jdk-bin-1.8.0.74/lib/amd64/jli/libjli.so
7fa3380c4000-7fa3380db000 r-xp 00000000 08:04 3708973                    /lib64/libpthread-2.22.so
7fa3380db000-7fa3382da000 ---p 00017000 08:04 3708973                    /lib64/libpthread-2.22.so
7fa3382da000-7fa3382db000 r--p 00016000 08:04 3708973                    /lib64/libpthread-2.22.so
7fa3382db000-7fa3382dc000 rw-p 00017000 08:04 3708973                    /lib64/libpthread-2.22.so
7fa3382dc000-7fa3382e0000 rw-p 00000000 00:00 0 
7fa3382e0000-7fa338302000 r-xp 00000000 08:04 3705755                    /lib64/ld-2.22.so
7fa338308000-7fa3383cd000 rw-p 00000000 00:00 0 
7fa3383cd000-7fa3383d0000 ---p 00000000 00:00 0 
7fa3383d0000-7fa3384d3000 rw-p 00000000 00:00 0                          [stack:6263]
7fa3384d3000-7fa3384e2000 r--s 000df000 08:04 2233262                    /opt/android-sdk-update-manager/build-tools/23.0.2/lib/dx.jar
7fa3384e2000-7fa3384f6000 rw-p 00000000 00:00 0 
7fa3384f6000-7fa3384fe000 rw-s 00000000 00:20 364382                     /tmp/hsperfdata_xdien/6261
7fa3384fe000-7fa3384ff000 rw-p 00000000 00:00 0 
7fa3384ff000-7fa338500000 ---p 00000000 00:00 0 
7fa338500000-7fa338501000 rw-p 00000000 00:00 0 
7fa338501000-7fa338502000 r--p 00021000 08:04 3705755                    /lib64/ld-2.22.so
7fa338502000-7fa338503000 rw-p 00022000 08:04 3705755                    /lib64/ld-2.22.so
7fa338503000-7fa338504000 rw-p 00000000 00:00 0 
7ffd231ab000-7ffd231cc000 rw-p 00000000 00:00 0                          [stack]
7ffd231f1000-7ffd231f3000 r--p 00000000 00:00 0                          [vvar]
7ffd231f3000-7ffd231f5000 r-xp 00000000 00:00 0                          [vdso]
ffffffffff600000-ffffffffff601000 r-xp 00000000 00:00 0                  [vsyscall]

VM Arguments:
jvm_args: -Djava.awt.headless=true -Xmx1024M -Dfile.encoding=US-ASCII -Duser.country=US -Duser.language=en -Duser.variant 
java_command: com.android.dx.command.Main --dex --num-threads=4 --output /home/xdien/AndroidStudioProjects/BtNho/app/build/intermediates/pre-dexed/debug/com.google.android.gms-play-services-games-8.4.0_826a9b7fe31f24b251ba39299d8f360448d98e05.jar /home/xdien/AndroidStudioProjects/BtNho/app/build/intermediates/exploded-aar/com.google.android.gms/play-services-games/8.4.0/jars/classes.jar
java_class_path (initial): /opt/android-sdk-update-manager/build-tools/23.0.2/lib/dx.jar
Launcher Type: SUN_STANDARD

Environment Variables:
JAVA_HOME=/etc/java-config-2/current-system-vm
PATH=/usr/local/bin:/usr/bin:/bin:/opt/bin:/usr/x86_64-pc-linux-gnu/gcc-bin/4.9.3:/opt/android-sdk-update-manager/tools:/opt/android-sdk-update-manager/platform-tools
USERNAME=xdien
LD_LIBRARY_PATH=/opt/android-studio/bin:
SHELL=/bin/bash
DISPLAY=:0

Signal Handlers:
SIGSEGV: [libjvm.so+0xabb070], sa_mask[0]=11111111011111111101111111111110, sa_flags=SA_RESTART|SA_SIGINFO
SIGBUS: [libjvm.so+0xabb070], sa_mask[0]=11111111011111111101111111111110, sa_flags=SA_RESTART|SA_SIGINFO
SIGFPE: [libjvm.so+0x918480], sa_mask[0]=11111111011111111101111111111110, sa_flags=SA_RESTART|SA_SIGINFO
SIGPIPE: [libjvm.so+0x918480], sa_mask[0]=11111111011111111101111111111110, sa_flags=SA_RESTART|SA_SIGINFO
SIGXFSZ: [libjvm.so+0x918480], sa_mask[0]=11111111011111111101111111111110, sa_flags=SA_RESTART|SA_SIGINFO
SIGILL: [libjvm.so+0x918480], sa_mask[0]=11111111011111111101111111111110, sa_flags=SA_RESTART|SA_SIGINFO
SIGUSR1: SIG_DFL, sa_mask[0]=00000000000000000000000000000000, sa_flags=none
SIGUSR2: [libjvm.so+0x919ab0], sa_mask[0]=00100000000000000000000000000000, sa_flags=SA_RESTART|SA_SIGINFO
SIGHUP: [libjvm.so+0x91aeb0], sa_mask[0]=11111111011111111101111111111110, sa_flags=SA_RESTART|SA_SIGINFO
SIGINT: [libjvm.so+0x91aeb0], sa_mask[0]=11111111011111111101111111111110, sa_flags=SA_RESTART|SA_SIGINFO
SIGTERM: [libjvm.so+0x91aeb0], sa_mask[0]=11111111011111111101111111111110, sa_flags=SA_RESTART|SA_SIGINFO
SIGQUIT: [libjvm.so+0x91aeb0], sa_mask[0]=11111111011111111101111111111110, sa_flags=SA_RESTART|SA_SIGINFO


---------------  S Y S T E M  ---------------

OS:Gentoo Base System release 2.2

uname:Linux 4.4.3-gentoo-2 #7 SMP Thu Mar 3 08:48:42 ICT 2016 x86_64
libc:glibc 2.22 NPTL 2.22 
rlimit: STACK 8192k, CORE 0k, NPROC 23085, NOFILE 4096, AS infinity
load average:14.41 5.35 2.63

/proc/meminfo:
MemTotal:        5913684 kB
MemFree:           39768 kB
MemAvailable:      50144 kB
Buffers:             388 kB
Cached:           591104 kB
SwapCached:            0 kB
Active:          4671948 kB
Inactive:         566780 kB
Active(anon):    4663128 kB
Inactive(anon):   559720 kB
Active(file):       8820 kB
Inactive(file):     7060 kB
Unevictable:         356 kB
Mlocked:             356 kB
SwapTotal:             0 kB
SwapFree:              0 kB
Dirty:                44 kB
Writeback:             0 kB
AnonPages:       4648932 kB
Mapped:           548044 kB
Shmem:            574228 kB
Slab:              76748 kB
SReclaimable:      26716 kB
SUnreclaim:        50032 kB
KernelStack:       13792 kB
PageTables:        51976 kB
NFS_Unstable:          0 kB
Bounce:                0 kB
WritebackTmp:          0 kB
CommitLimit:     2956840 kB
Committed_AS:   11593104 kB
VmallocTotal:   34359738367 kB
VmallocUsed:           0 kB
VmallocChunk:          0 kB
HugePages_Total:       0
HugePages_Free:        0
HugePages_Rsvd:        0
HugePages_Surp:        0
Hugepagesize:       2048 kB
DirectMap4k:       13560 kB
DirectMap2M:     6072320 kB


CPU:total 4 (2 cores per cpu, 2 threads per core) family 6 model 37 stepping 2, cmov, cx8, fxsr, mmx, sse, sse2, sse3, ssse3, sse4.1, sse4.2, popcnt, ht, tsc, tscinvbit

/proc/cpuinfo:
processor	: 0
vendor_id	: GenuineIntel
cpu family	: 6
model		: 37
model name	: Intel(R) Core(TM) i3 CPU       M 330  @ 2.13GHz
stepping	: 2
microcode	: 0x9
cpu MHz		: 2133.000
cache size	: 3072 KB
physical id	: 0
siblings	: 4
core id		: 0
cpu cores	: 2
apicid		: 0
initial apicid	: 0
fpu		: yes
fpu_exception	: yes
cpuid level	: 11
wp		: yes
flags		: fpu vme de pse tsc msr pae mce cx8 apic sep mtrr pge mca cmov pat pse36 clflush dts acpi mmx fxsr sse sse2 ss ht tm pbe syscall nx rdtscp lm constant_tsc arch_perfmon pebs bts rep_good nopl xtopology nonstop_tsc aperfmperf pni dtes64 monitor ds_cpl vmx est tm2 ssse3 cx16 xtpr pdcm sse4_1 sse4_2 popcnt lahf_lm arat dtherm tpr_shadow vnmi flexpriority ept vpid
bugs		:
bogomips	: 4256.54
clflush size	: 64
cache_alignment	: 64
address sizes	: 36 bits physical, 48 bits virtual
power management:

processor	: 1
vendor_id	: GenuineIntel
cpu family	: 6
model		: 37
model name	: Intel(R) Core(TM) i3 CPU       M 330  @ 2.13GHz
stepping	: 2
microcode	: 0x9
cpu MHz		: 2133.000
cache size	: 3072 KB
physical id	: 0
siblings	: 4
core id		: 0
cpu cores	: 2
apicid		: 1
initial apicid	: 1
fpu		: yes
fpu_exception	: yes
cpuid level	: 11
wp		: yes
flags		: fpu vme de pse tsc msr pae mce cx8 apic sep mtrr pge mca cmov pat pse36 clflush dts acpi mmx fxsr sse sse2 ss ht tm pbe syscall nx rdtscp lm constant_tsc arch_perfmon pebs bts rep_good nopl xtopology nonstop_tsc aperfmperf pni dtes64 monitor ds_cpl vmx est tm2 ssse3 cx16 xtpr pdcm sse4_1 sse4_2 popcnt lahf_lm arat dtherm tpr_shadow vnmi flexpriority ept vpid
bugs		:
bogomips	: 4256.54
clflush size	: 64
cache_alignment	: 64
address sizes	: 36 bits physical, 48 bits virtual
power management:

processor	: 2
vendor_id	: GenuineIntel
cpu family	: 6
model		: 37
model name	: Intel(R) Core(TM) i3 CPU       M 330  @ 2.13GHz
stepping	: 2
microcode	: 0x9
cpu MHz		: 2133.000
cache size	: 3072 KB
physical id	: 0
siblings	: 4
core id		: 2
cpu cores	: 2
apicid		: 4
initial apicid	: 4
fpu		: yes
fpu_exception	: yes
cpuid level	: 11
wp		: yes
flags		: fpu vme de pse tsc msr pae mce cx8 apic sep mtrr pge mca cmov pat pse36 clflush dts acpi mmx fxsr sse sse2 ss ht tm pbe syscall nx rdtscp lm constant_tsc arch_perfmon pebs bts rep_good nopl xtopology nonstop_tsc aperfmperf pni dtes64 monitor ds_cpl vmx est tm2 ssse3 cx16 xtpr pdcm sse4_1 sse4_2 popcnt lahf_lm arat dtherm tpr_shadow vnmi flexpriority ept vpid
bugs		:
bogomips	: 4256.54
clflush size	: 64
cache_alignment	: 64
address sizes	: 36 bits physical, 48 bits virtual
power management:

processor	: 3
vendor_id	: GenuineIntel
cpu family	: 6
model		: 37
model name	: Intel(R) Core(TM) i3 CPU       M 330  @ 2.13GHz
stepping	: 2
microcode	: 0x9
cpu MHz		: 2133.000
cache size	: 3072 KB
physical id	: 0
siblings	: 4
core id		: 2
cpu cores	: 2
apicid		: 5
initial apicid	: 5
fpu		: yes
fpu_exception	: yes
cpuid level	: 11
wp		: yes
flags		: fpu vme de pse tsc msr pae mce cx8 apic sep mtrr pge mca cmov pat pse36 clflush dts acpi mmx fxsr sse sse2 ss ht tm pbe syscall nx rdtscp lm constant_tsc arch_perfmon pebs bts rep_good nopl xtopology nonstop_tsc aperfmperf pni dtes64 monitor ds_cpl vmx est tm2 ssse3 cx16 xtpr pdcm sse4_1 sse4_2 popcnt lahf_lm arat dtherm tpr_shadow vnmi flexpriority ept vpid
bugs		:
bogomips	: 4256.54
clflush size	: 64
cache_alignment	: 64
address sizes	: 36 bits physical, 48 bits virtual
power management:



Memory: 4k page, physical 5913684k(39916k free), swap 0k(0k free)

vm_info: Java HotSpot(TM) 64-Bit Server VM (25.74-b02) for linux-amd64 JRE (1.8.0_74-b02), built on Jan 29 2016 19:20:56 by "java_re" with gcc 4.3.0 20080428 (Red Hat 4.3.0-8)

time: Sat Mar  5 11:21:49 2016
elapsed time: 16 seconds (0d 0h 0m 16s)

